This file contains any messages produced by compilers while
running configure, to aid debugging if configure makes a mistake.

It was created by nautilus configure 2.22.5.1, which was
generated by GNU Autoconf 2.61.  Invocation command line was

  $ ./configure 

## --------- ##
## Platform. ##
## --------- ##

hostname = FVWm95-TestVM
uname -m = i686
uname -r = 3.16.0-4-686-pae
uname -s = Linux
uname -v = #1 SMP Debian 3.16.7-ckt11-1 (2015-05-24)

/usr/bin/uname -p = unknown
/bin/uname -X     = unknown

/bin/arch              = unknown
/usr/bin/arch -k       = unknown
/usr/convex/getsysinfo = unknown
/usr/bin/hostinfo      = unknown
/bin/machine           = unknown
/usr/bin/oslevel       = unknown
/bin/universe          = unknown

PATH: /usr/local/sbin
PATH: /usr/local/bin
PATH: /usr/sbin
PATH: /usr/bin
PATH: /sbin
PATH: /bin


## ----------- ##
## Core tests. ##
## ----------- ##

configure:2163: checking for a BSD-compatible install
configure:2219: result: /usr/bin/install -c
configure:2230: checking whether build environment is sane
configure:2273: result: yes
configure:2301: checking for a thread-safe mkdir -p
configure:2340: result: /bin/mkdir -p
configure:2353: checking for gawk
configure:2383: result: no
configure:2353: checking for mawk
configure:2369: found /usr/bin/mawk
configure:2380: result: mawk
configure:2391: checking whether make sets $(MAKE)
configure:2412: result: yes
configure:2600: checking whether to enable maintainer-specific portions of Makefiles
configure:2609: result: no
configure:2667: checking for style of include used by make
configure:2695: result: GNU
configure:2765: checking for gcc
configure:2781: found /usr/bin/gcc
configure:2792: result: gcc
configure:3030: checking for C compiler version
configure:3037: gcc --version >&5
gcc (Debian 4.9.2-10) 4.9.2
Copyright (C) 2014 Free Software Foundation, Inc.
This is free software; see the source for copying conditions.  There is NO
warranty; not even for MERCHANTABILITY or FITNESS FOR A PARTICULAR PURPOSE.

configure:3040: $? = 0
configure:3047: gcc -v >&5
Using built-in specs.
COLLECT_GCC=gcc
COLLECT_LTO_WRAPPER=/usr/lib/gcc/i586-linux-gnu/4.9/lto-wrapper
Target: i586-linux-gnu
Configured with: ../src/configure -v --with-pkgversion='Debian 4.9.2-10' --with-bugurl=file:///usr/share/doc/gcc-4.9/README.Bugs --enable-languages=c,c++,java,go,d,fortran,objc,obj-c++ --prefix=/usr --program-suffix=-4.9 --enable-shared --enable-linker-build-id --libexecdir=/usr/lib --without-included-gettext --enable-threads=posix --with-gxx-include-dir=/usr/include/c++/4.9 --libdir=/usr/lib --enable-nls --with-sysroot=/ --enable-clocale=gnu --enable-libstdcxx-debug --enable-libstdcxx-time=yes --enable-gnu-unique-object --disable-vtable-verify --enable-plugin --with-system-zlib --disable-browser-plugin --enable-java-awt=gtk --enable-gtk-cairo --with-java-home=/usr/lib/jvm/java-1.5.0-gcj-4.9-i386/jre --enable-java-home --with-jvm-root-dir=/usr/lib/jvm/java-1.5.0-gcj-4.9-i386 --with-jvm-jar-dir=/usr/lib/jvm-exports/java-1.5.0-gcj-4.9-i386 --with-arch-directory=i386 --with-ecj-jar=/usr/share/java/eclipse-ecj.jar --enable-objc-gc --enable-targets=all --enable-multiarch --with-arch-32=i586 --with-multilib-list=m32,m64,mx32 --enable-multilib --with-tune=generic --enable-checking=release --build=i586-linux-gnu --host=i586-linux-gnu --target=i586-linux-gnu
Thread model: posix
gcc version 4.9.2 (Debian 4.9.2-10) 
configure:3050: $? = 0
configure:3057: gcc -V >&5
gcc: error: unrecognized command line option '-V'
gcc: fatal error: no input files
compilation terminated.
configure:3060: $? = 4
configure:3083: checking for C compiler default output file name
configure:3110: gcc    conftest.c  >&5
configure:3113: $? = 0
configure:3151: result: a.out
configure:3168: checking whether the C compiler works
configure:3178: ./a.out
configure:3181: $? = 0
configure:3198: result: yes
configure:3205: checking whether we are cross compiling
configure:3207: result: no
configure:3210: checking for suffix of executables
configure:3217: gcc -o conftest    conftest.c  >&5
configure:3220: $? = 0
configure:3244: result: 
configure:3250: checking for suffix of object files
configure:3276: gcc -c   conftest.c >&5
configure:3279: $? = 0
configure:3302: result: o
configure:3306: checking whether we are using the GNU C compiler
configure:3335: gcc -c   conftest.c >&5
configure:3341: $? = 0
configure:3358: result: yes
configure:3363: checking whether gcc accepts -g
configure:3393: gcc -c -g  conftest.c >&5
configure:3399: $? = 0
configure:3498: result: yes
configure:3515: checking for gcc option to accept ISO C89
configure:3589: gcc  -c -g -O2  conftest.c >&5
configure:3595: $? = 0
configure:3618: result: none needed
configure:3638: checking dependency style of gcc
configure:3729: result: gcc3
configure:3750: checking how to run the C preprocessor
configure:3790: gcc -E  conftest.c
configure:3796: $? = 0
configure:3827: gcc -E  conftest.c
conftest.c:10:28: fatal error: ac_nonexistent.h: No such file or directory
 #include <ac_nonexistent.h>
                            ^
compilation terminated.
configure:3833: $? = 1
configure: failed program was:
| /* confdefs.h.  */
| #define PACKAGE_NAME "nautilus"
| #define PACKAGE_TARNAME "nautilus"
| #define PACKAGE_VERSION "2.22.5.1"
| #define PACKAGE_STRING "nautilus 2.22.5.1"
| #define PACKAGE_BUGREPORT "http://bugzilla.gnome.org/enter_bug.cgi?product=nautilus"
| #define PACKAGE "nautilus"
| #define VERSION "2.22.5.1"
| /* end confdefs.h.  */
| #include <ac_nonexistent.h>
configure:3866: result: gcc -E
configure:3895: gcc -E  conftest.c
configure:3901: $? = 0
configure:3932: gcc -E  conftest.c
conftest.c:10:28: fatal error: ac_nonexistent.h: No such file or directory
 #include <ac_nonexistent.h>
                            ^
compilation terminated.
configure:3938: $? = 1
configure: failed program was:
| /* confdefs.h.  */
| #define PACKAGE_NAME "nautilus"
| #define PACKAGE_TARNAME "nautilus"
| #define PACKAGE_VERSION "2.22.5.1"
| #define PACKAGE_STRING "nautilus 2.22.5.1"
| #define PACKAGE_BUGREPORT "http://bugzilla.gnome.org/enter_bug.cgi?product=nautilus"
| #define PACKAGE "nautilus"
| #define VERSION "2.22.5.1"
| /* end confdefs.h.  */
| #include <ac_nonexistent.h>
configure:3976: checking for grep that handles long lines and -e
configure:4050: result: /bin/grep
configure:4055: checking for egrep
configure:4133: result: /bin/grep -E
configure:4138: checking for ANSI C header files
configure:4168: gcc -c -g -O2  conftest.c >&5
configure:4174: $? = 0
configure:4273: gcc -o conftest -g -O2   conftest.c  >&5
configure:4276: $? = 0
configure:4282: ./conftest
configure:4285: $? = 0
configure:4302: result: yes
configure:4326: checking for sys/types.h
configure:4347: gcc -c -g -O2  conftest.c >&5
configure:4353: $? = 0
configure:4369: result: yes
configure:4326: checking for sys/stat.h
configure:4347: gcc -c -g -O2  conftest.c >&5
configure:4353: $? = 0
configure:4369: result: yes
configure:4326: checking for stdlib.h
configure:4347: gcc -c -g -O2  conftest.c >&5
configure:4353: $? = 0
configure:4369: result: yes
configure:4326: checking for string.h
configure:4347: gcc -c -g -O2  conftest.c >&5
configure:4353: $? = 0
configure:4369: result: yes
configure:4326: checking for memory.h
configure:4347: gcc -c -g -O2  conftest.c >&5
configure:4353: $? = 0
configure:4369: result: yes
configure:4326: checking for strings.h
configure:4347: gcc -c -g -O2  conftest.c >&5
configure:4353: $? = 0
configure:4369: result: yes
configure:4326: checking for inttypes.h
configure:4347: gcc -c -g -O2  conftest.c >&5
configure:4353: $? = 0
configure:4369: result: yes
configure:4326: checking for stdint.h
configure:4347: gcc -c -g -O2  conftest.c >&5
configure:4353: $? = 0
configure:4369: result: yes
configure:4326: checking for unistd.h
configure:4347: gcc -c -g -O2  conftest.c >&5
configure:4353: $? = 0
configure:4369: result: yes
configure:4381: checking whether byte ordering is bigendian
configure:4414: gcc -c -g -O2  conftest.c >&5
configure:4420: $? = 0
configure:4452: gcc -c -g -O2  conftest.c >&5
conftest.c: In function 'main':
conftest.c:27:2: error: unknown type name 'not'
  not big endian
  ^
conftest.c:27:10: error: expected '=', ',', ';', 'asm' or '__attribute__' before 'endian'
  not big endian
          ^
configure:4458: $? = 1
configure: failed program was:
| /* confdefs.h.  */
| #define PACKAGE_NAME "nautilus"
| #define PACKAGE_TARNAME "nautilus"
| #define PACKAGE_VERSION "2.22.5.1"
| #define PACKAGE_STRING "nautilus 2.22.5.1"
| #define PACKAGE_BUGREPORT "http://bugzilla.gnome.org/enter_bug.cgi?product=nautilus"
| #define PACKAGE "nautilus"
| #define VERSION "2.22.5.1"
| #define STDC_HEADERS 1
| #define HAVE_SYS_TYPES_H 1
| #define HAVE_SYS_STAT_H 1
| #define HAVE_STDLIB_H 1
| #define HAVE_STRING_H 1
| #define HAVE_MEMORY_H 1
| #define HAVE_STRINGS_H 1
| #define HAVE_INTTYPES_H 1
| #define HAVE_STDINT_H 1
| #define HAVE_UNISTD_H 1
| /* end confdefs.h.  */
| #include <sys/types.h>
| #include <sys/param.h>
| 
| int
| main ()
| {
| #if BYTE_ORDER != BIG_ENDIAN
|  not big endian
| #endif
| 
|   ;
|   return 0;
| }
configure:4598: result: no
configure:4617: checking for an ANSI C-conforming const
configure:4692: gcc -c -g -O2  conftest.c >&5
configure:4698: $? = 0
configure:4713: result: yes
configure:4771: checking for gcc
configure:4798: result: gcc
configure:5036: checking for C compiler version
configure:5043: gcc --version >&5
gcc (Debian 4.9.2-10) 4.9.2
Copyright (C) 2014 Free Software Foundation, Inc.
This is free software; see the source for copying conditions.  There is NO
warranty; not even for MERCHANTABILITY or FITNESS FOR A PARTICULAR PURPOSE.

configure:5046: $? = 0
configure:5053: gcc -v >&5
Using built-in specs.
COLLECT_GCC=gcc
COLLECT_LTO_WRAPPER=/usr/lib/gcc/i586-linux-gnu/4.9/lto-wrapper
Target: i586-linux-gnu
Configured with: ../src/configure -v --with-pkgversion='Debian 4.9.2-10' --with-bugurl=file:///usr/share/doc/gcc-4.9/README.Bugs --enable-languages=c,c++,java,go,d,fortran,objc,obj-c++ --prefix=/usr --program-suffix=-4.9 --enable-shared --enable-linker-build-id --libexecdir=/usr/lib --without-included-gettext --enable-threads=posix --with-gxx-include-dir=/usr/include/c++/4.9 --libdir=/usr/lib --enable-nls --with-sysroot=/ --enable-clocale=gnu --enable-libstdcxx-debug --enable-libstdcxx-time=yes --enable-gnu-unique-object --disable-vtable-verify --enable-plugin --with-system-zlib --disable-browser-plugin --enable-java-awt=gtk --enable-gtk-cairo --with-java-home=/usr/lib/jvm/java-1.5.0-gcj-4.9-i386/jre --enable-java-home --with-jvm-root-dir=/usr/lib/jvm/java-1.5.0-gcj-4.9-i386 --with-jvm-jar-dir=/usr/lib/jvm-exports/java-1.5.0-gcj-4.9-i386 --with-arch-directory=i386 --with-ecj-jar=/usr/share/java/eclipse-ecj.jar --enable-objc-gc --enable-targets=all --enable-multiarch --with-arch-32=i586 --with-multilib-list=m32,m64,mx32 --enable-multilib --with-tune=generic --enable-checking=release --build=i586-linux-gnu --host=i586-linux-gnu --target=i586-linux-gnu
Thread model: posix
gcc version 4.9.2 (Debian 4.9.2-10) 
configure:5056: $? = 0
configure:5063: gcc -V >&5
gcc: error: unrecognized command line option '-V'
gcc: fatal error: no input files
compilation terminated.
configure:5066: $? = 4
configure:5069: checking whether we are using the GNU C compiler
configure:5121: result: yes
configure:5126: checking whether gcc accepts -g
configure:5261: result: yes
configure:5278: checking for gcc option to accept ISO C89
configure:5381: result: none needed
configure:5401: checking dependency style of gcc
configure:5492: result: gcc3
configure:5512: checking how to run the C preprocessor
configure:5628: result: gcc -E
configure:5657: gcc -E  conftest.c
configure:5663: $? = 0
configure:5694: gcc -E  conftest.c
conftest.c:20:28: fatal error: ac_nonexistent.h: No such file or directory
 #include <ac_nonexistent.h>
                            ^
compilation terminated.
configure:5700: $? = 1
configure: failed program was:
| /* confdefs.h.  */
| #define PACKAGE_NAME "nautilus"
| #define PACKAGE_TARNAME "nautilus"
| #define PACKAGE_VERSION "2.22.5.1"
| #define PACKAGE_STRING "nautilus 2.22.5.1"
| #define PACKAGE_BUGREPORT "http://bugzilla.gnome.org/enter_bug.cgi?product=nautilus"
| #define PACKAGE "nautilus"
| #define VERSION "2.22.5.1"
| #define STDC_HEADERS 1
| #define HAVE_SYS_TYPES_H 1
| #define HAVE_SYS_STAT_H 1
| #define HAVE_STDLIB_H 1
| #define HAVE_STRING_H 1
| #define HAVE_MEMORY_H 1
| #define HAVE_STRINGS_H 1
| #define HAVE_INTTYPES_H 1
| #define HAVE_STDINT_H 1
| #define HAVE_UNISTD_H 1
| /* end confdefs.h.  */
| #include <ac_nonexistent.h>
configure:5750: checking for a BSD-compatible install
configure:5806: result: /usr/bin/install -c
configure:5817: checking whether ln -s works
configure:5821: result: yes
configure:5828: checking whether make sets $(MAKE)
configure:5849: result: yes
configure:5939: checking build system type
configure:5957: result: i686-pc-linux-gnu
configure:5979: checking host system type
configure:5994: result: i686-pc-linux-gnu
configure:6016: checking for a sed that does not truncate output
configure:6072: result: /bin/sed
configure:6086: checking for ld used by gcc
configure:6153: result: /usr/bin/ld
configure:6162: checking if the linker (/usr/bin/ld) is GNU ld
configure:6177: result: yes
configure:6182: checking for /usr/bin/ld option to reload object files
configure:6189: result: -r
configure:6207: checking for BSD-compatible nm
configure:6256: result: /usr/bin/nm -B
configure:6260: checking how to recognize dependent libraries
configure:6446: result: pass_all
configure:6990: checking dlfcn.h usability
configure:7007: gcc -c -g -O2  conftest.c >&5
configure:7013: $? = 0
configure:7027: result: yes
configure:7031: checking dlfcn.h presence
configure:7046: gcc -E  conftest.c
configure:7052: $? = 0
configure:7066: result: yes
configure:7099: checking for dlfcn.h
configure:7107: result: yes
configure:7178: checking for g++
configure:7194: found /usr/bin/g++
configure:7205: result: g++
configure:7236: checking for C++ compiler version
configure:7243: g++ --version >&5
g++ (Debian 4.9.2-10) 4.9.2
Copyright (C) 2014 Free Software Foundation, Inc.
This is free software; see the source for copying conditions.  There is NO
warranty; not even for MERCHANTABILITY or FITNESS FOR A PARTICULAR PURPOSE.

configure:7246: $? = 0
configure:7253: g++ -v >&5
Using built-in specs.
COLLECT_GCC=g++
COLLECT_LTO_WRAPPER=/usr/lib/gcc/i586-linux-gnu/4.9/lto-wrapper
Target: i586-linux-gnu
Configured with: ../src/configure -v --with-pkgversion='Debian 4.9.2-10' --with-bugurl=file:///usr/share/doc/gcc-4.9/README.Bugs --enable-languages=c,c++,java,go,d,fortran,objc,obj-c++ --prefix=/usr --program-suffix=-4.9 --enable-shared --enable-linker-build-id --libexecdir=/usr/lib --without-included-gettext --enable-threads=posix --with-gxx-include-dir=/usr/include/c++/4.9 --libdir=/usr/lib --enable-nls --with-sysroot=/ --enable-clocale=gnu --enable-libstdcxx-debug --enable-libstdcxx-time=yes --enable-gnu-unique-object --disable-vtable-verify --enable-plugin --with-system-zlib --disable-browser-plugin --enable-java-awt=gtk --enable-gtk-cairo --with-java-home=/usr/lib/jvm/java-1.5.0-gcj-4.9-i386/jre --enable-java-home --with-jvm-root-dir=/usr/lib/jvm/java-1.5.0-gcj-4.9-i386 --with-jvm-jar-dir=/usr/lib/jvm-exports/java-1.5.0-gcj-4.9-i386 --with-arch-directory=i386 --with-ecj-jar=/usr/share/java/eclipse-ecj.jar --enable-objc-gc --enable-targets=all --enable-multiarch --with-arch-32=i586 --with-multilib-list=m32,m64,mx32 --enable-multilib --with-tune=generic --enable-checking=release --build=i586-linux-gnu --host=i586-linux-gnu --target=i586-linux-gnu
Thread model: posix
gcc version 4.9.2 (Debian 4.9.2-10) 
configure:7256: $? = 0
configure:7263: g++ -V >&5
g++: error: unrecognized command line option '-V'
g++: fatal error: no input files
compilation terminated.
configure:7266: $? = 4
configure:7269: checking whether we are using the GNU C++ compiler
configure:7298: g++ -c   conftest.cpp >&5
configure:7304: $? = 0
configure:7321: result: yes
configure:7326: checking whether g++ accepts -g
configure:7356: g++ -c -g  conftest.cpp >&5
configure:7362: $? = 0
configure:7461: result: yes
configure:7486: checking dependency style of g++
configure:7577: result: gcc3
configure:7602: checking how to run the C++ preprocessor
configure:7638: g++ -E  conftest.cpp
configure:7644: $? = 0
configure:7675: g++ -E  conftest.cpp
conftest.cpp:21:28: fatal error: ac_nonexistent.h: No such file or directory
 #include <ac_nonexistent.h>
                            ^
compilation terminated.
configure:7681: $? = 1
configure: failed program was:
| /* confdefs.h.  */
| #define PACKAGE_NAME "nautilus"
| #define PACKAGE_TARNAME "nautilus"
| #define PACKAGE_VERSION "2.22.5.1"
| #define PACKAGE_STRING "nautilus 2.22.5.1"
| #define PACKAGE_BUGREPORT "http://bugzilla.gnome.org/enter_bug.cgi?product=nautilus"
| #define PACKAGE "nautilus"
| #define VERSION "2.22.5.1"
| #define STDC_HEADERS 1
| #define HAVE_SYS_TYPES_H 1
| #define HAVE_SYS_STAT_H 1
| #define HAVE_STDLIB_H 1
| #define HAVE_STRING_H 1
| #define HAVE_MEMORY_H 1
| #define HAVE_STRINGS_H 1
| #define HAVE_INTTYPES_H 1
| #define HAVE_STDINT_H 1
| #define HAVE_UNISTD_H 1
| #define HAVE_DLFCN_H 1
| /* end confdefs.h.  */
| #include <ac_nonexistent.h>
configure:7714: result: g++ -E
configure:7743: g++ -E  conftest.cpp
configure:7749: $? = 0
configure:7780: g++ -E  conftest.cpp
conftest.cpp:21:28: fatal error: ac_nonexistent.h: No such file or directory
 #include <ac_nonexistent.h>
                            ^
compilation terminated.
configure:7786: $? = 1
configure: failed program was:
| /* confdefs.h.  */
| #define PACKAGE_NAME "nautilus"
| #define PACKAGE_TARNAME "nautilus"
| #define PACKAGE_VERSION "2.22.5.1"
| #define PACKAGE_STRING "nautilus 2.22.5.1"
| #define PACKAGE_BUGREPORT "http://bugzilla.gnome.org/enter_bug.cgi?product=nautilus"
| #define PACKAGE "nautilus"
| #define VERSION "2.22.5.1"
| #define STDC_HEADERS 1
| #define HAVE_SYS_TYPES_H 1
| #define HAVE_SYS_STAT_H 1
| #define HAVE_STDLIB_H 1
| #define HAVE_STRING_H 1
| #define HAVE_MEMORY_H 1
| #define HAVE_STRINGS_H 1
| #define HAVE_INTTYPES_H 1
| #define HAVE_STDINT_H 1
| #define HAVE_UNISTD_H 1
| #define HAVE_DLFCN_H 1
| /* end confdefs.h.  */
| #include <ac_nonexistent.h>
configure:7879: checking for g77
configure:7909: result: no
configure:7879: checking for xlf
configure:7909: result: no
configure:7879: checking for f77
configure:7909: result: no
configure:7879: checking for frt
configure:7909: result: no
configure:7879: checking for pgf77
configure:7909: result: no
configure:7879: checking for cf77
configure:7909: result: no
configure:7879: checking for fort77
configure:7909: result: no
configure:7879: checking for fl32
configure:7909: result: no
configure:7879: checking for af77
configure:7909: result: no
configure:7879: checking for xlf90
configure:7909: result: no
configure:7879: checking for f90
configure:7909: result: no
configure:7879: checking for pgf90
configure:7909: result: no
configure:7879: checking for pghpf
configure:7909: result: no
configure:7879: checking for epcf90
configure:7909: result: no
configure:7879: checking for gfortran
configure:7909: result: no
configure:7879: checking for g95
configure:7909: result: no
configure:7879: checking for xlf95
configure:7909: result: no
configure:7879: checking for f95
configure:7909: result: no
configure:7879: checking for fort
configure:7909: result: no
configure:7879: checking for ifort
configure:7909: result: no
configure:7879: checking for ifc
configure:7909: result: no
configure:7879: checking for efc
configure:7909: result: no
configure:7879: checking for pgf95
configure:7909: result: no
configure:7879: checking for lf95
configure:7909: result: no
configure:7879: checking for ftn
configure:7909: result: no
configure:7936: checking for Fortran 77 compiler version
configure:7943:  --version >&5
./configure: line 7944: --version: command not found
configure:7946: $? = 127
configure:7953:  -v >&5
./configure: line 7954: -v: command not found
configure:7956: $? = 127
configure:7963:  -V >&5
./configure: line 7964: -V: command not found
configure:7966: $? = 127
configure:7974: checking whether we are using the GNU Fortran 77 compiler
configure:7993:  -c  conftest.F >&5
./configure: line 7994: -c: command not found
configure:7999: $? = 127
configure: failed program was:
|       program main
| #ifndef __GNUC__
|        choke me
| #endif
| 
|       end
configure:8016: result: no
configure:8022: checking whether  accepts -g
configure:8039:  -c -g conftest.f >&5
./configure: line 8040: -c: command not found
configure:8045: $? = 127
configure: failed program was:
|       program main
| 
|       end
configure:8061: result: no
configure:8090: checking the maximum length of command line arguments
configure:8202: result: 1572864
configure:8214: checking command to parse /usr/bin/nm -B output from gcc object
configure:8319: gcc -c -g -O2  conftest.c >&5
configure:8322: $? = 0
configure:8326: /usr/bin/nm -B conftest.o \| sed -n -e 's/^.*[ 	]\([ABCDGIRSTW][ABCDGIRSTW]*\)[ 	][ 	]*\([_A-Za-z][_A-Za-z0-9]*\)$/\1 \2 \2/p' \> conftest.nm
configure:8329: $? = 0
configure:8381: gcc -o conftest -g -O2   conftest.c conftstm.o >&5
configure:8384: $? = 0
configure:8422: result: ok
configure:8426: checking for objdir
configure:8441: result: .libs
configure:8533: checking for ar
configure:8549: found /usr/bin/ar
configure:8560: result: ar
configure:8629: checking for ranlib
configure:8645: found /usr/bin/ranlib
configure:8656: result: ranlib
configure:8725: checking for strip
configure:8741: found /usr/bin/strip
configure:8752: result: strip
configure:9350: checking if gcc supports -fno-rtti -fno-exceptions
configure:9368: gcc -c -g -O2  -fno-rtti -fno-exceptions conftest.c >&5
cc1: warning: command line option '-fno-rtti' is valid for C++/ObjC++ but not for C
configure:9372: $? = 0
configure:9385: result: no
configure:9400: checking for gcc option to produce PIC
configure:9632: result: -fPIC
configure:9640: checking if gcc PIC flag -fPIC works
configure:9658: gcc -c -g -O2  -fPIC -DPIC conftest.c >&5
configure:9662: $? = 0
configure:9675: result: yes
configure:9703: checking if gcc static flag -static works
configure:9731: result: yes
configure:9741: checking if gcc supports -c -o file.o
configure:9762: gcc -c -g -O2  -o out/conftest2.o conftest.c >&5
configure:9766: $? = 0
configure:9788: result: yes
configure:9814: checking whether the gcc linker (/usr/bin/ld) supports shared libraries
configure:10795: result: yes
configure:10816: checking whether -lc should be explicitly linked in
configure:10821: gcc -c -g -O2  conftest.c >&5
configure:10824: $? = 0
configure:10839: gcc -shared conftest.o  -v -Wl,-soname -Wl,conftest -o conftest 2\>\&1 \| grep  -lc  \>/dev/null 2\>\&1
configure:10842: $? = 0
configure:10854: result: no
configure:10862: checking dynamic linker characteristics
configure:11476: result: GNU/Linux ld.so
configure:11500: checking how to hardcode library paths into programs
configure:11525: result: immediate
configure:11539: checking whether stripping libraries is possible
configure:11544: result: yes
configure:12346: checking if libtool supports shared libraries
configure:12348: result: yes
configure:12351: checking whether to build shared libraries
configure:12372: result: yes
configure:12375: checking whether to build static libraries
configure:12379: result: no
configure:12473: creating libtool
configure:13066: checking for ld used by g++
configure:13133: result: /usr/bin/ld
configure:13142: checking if the linker (/usr/bin/ld) is GNU ld
configure:13157: result: yes
configure:13208: checking whether the g++ linker (/usr/bin/ld) supports shared libraries
configure:14154: result: yes
configure:14171: g++ -c -g -O2  conftest.cpp >&5
configure:14174: $? = 0
configure:14330: checking for g++ option to produce PIC
configure:14614: result: -fPIC
configure:14622: checking if g++ PIC flag -fPIC works
configure:14640: g++ -c -g -O2  -fPIC -DPIC conftest.cpp >&5
configure:14644: $? = 0
configure:14657: result: yes
configure:14685: checking if g++ static flag -static works
configure:14713: result: yes
configure:14723: checking if g++ supports -c -o file.o
configure:14744: g++ -c -g -O2  -o out/conftest2.o conftest.cpp >&5
configure:14748: $? = 0
configure:14770: result: yes
configure:14796: checking whether the g++ linker (/usr/bin/ld) supports shared libraries
configure:14825: result: yes
configure:14892: checking dynamic linker characteristics
configure:15454: result: GNU/Linux ld.so
configure:15478: checking how to hardcode library paths into programs
configure:15503: result: immediate
configure:21752: checking for pkg-config
configure:21770: found /usr/bin/pkg-config
configure:21783: result: /usr/bin/pkg-config
configure:21918: checking pkg-config is at least version 0.9.0
configure:21921: result: yes
configure:21932: checking for ALL
configure:21956: $PKG_CONFIG --exists --print-errors "
	bonobo-activation-2.0	>= 2.1.0
	eel-2.0			>= 2.21.90
	glib-2.0		>= 2.15.6
	gnome-desktop-2.0	>= 2.9.91
	gio-unix-2.0
	gio-2.0
	ORBit-2.0		>= 2.4.0
	pango			>= 1.1.2
	gtk+-2.0		>= 2.11.6
	libbonobo-2.0		>= 2.1.0
	libgnome-2.0		>= 2.14.0
	libgnomeui-2.0		>= 2.6.0
	librsvg-2.0		>= 2.0.1
	libxml-2.0		>= 2.4.7
	$STARTUP_NOTIFICATION_PACKAGE
"
Package eel-2.0 was not found in the pkg-config search path.
Perhaps you should add the directory containing `eel-2.0.pc'
to the PKG_CONFIG_PATH environment variable
No package 'eel-2.0' found
Package gnome-desktop-2.0 was not found in the pkg-config search path.
Perhaps you should add the directory containing `gnome-desktop-2.0.pc'
to the PKG_CONFIG_PATH environment variable
No package 'gnome-desktop-2.0' found
configure:21975: $? = 1
configure:22022: $PKG_CONFIG --exists --print-errors "
	bonobo-activation-2.0	>= 2.1.0
	eel-2.0			>= 2.21.90
	glib-2.0		>= 2.15.6
	gnome-desktop-2.0	>= 2.9.91
	gio-unix-2.0
	gio-2.0
	ORBit-2.0		>= 2.4.0
	pango			>= 1.1.2
	gtk+-2.0		>= 2.11.6
	libbonobo-2.0		>= 2.1.0
	libgnome-2.0		>= 2.14.0
	libgnomeui-2.0		>= 2.6.0
	librsvg-2.0		>= 2.0.1
	libxml-2.0		>= 2.4.7
	$STARTUP_NOTIFICATION_PACKAGE
"
Package eel-2.0 was not found in the pkg-config search path.
Perhaps you should add the directory containing `eel-2.0.pc'
to the PKG_CONFIG_PATH environment variable
No package 'eel-2.0' found
Package gnome-desktop-2.0 was not found in the pkg-config search path.
Perhaps you should add the directory containing `gnome-desktop-2.0.pc'
to the PKG_CONFIG_PATH environment variable
No package 'gnome-desktop-2.0' found
configure:22041: $? = 1
No package 'eel-2.0' found
No package 'gnome-desktop-2.0' found
configure:22143: error: Package requirements (
	bonobo-activation-2.0	>= 2.1.0
	eel-2.0			>= 2.21.90
	glib-2.0		>= 2.15.6
	gnome-desktop-2.0	>= 2.9.91
	gio-unix-2.0
	gio-2.0
	ORBit-2.0		>= 2.4.0
	pango			>= 1.1.2
	gtk+-2.0		>= 2.11.6
	libbonobo-2.0		>= 2.1.0
	libgnome-2.0		>= 2.14.0
	libgnomeui-2.0		>= 2.6.0
	librsvg-2.0		>= 2.0.1
	libxml-2.0		>= 2.4.7
	
) were not met:

No package 'eel-2.0' found
No package 'gnome-desktop-2.0' found

Consider adjusting the PKG_CONFIG_PATH environment variable if you
installed software in a non-standard prefix.

Alternatively, you may set the environment variables ALL_CFLAGS
and ALL_LIBS to avoid the need to call pkg-config.
See the pkg-config man page for more details.


## ---------------- ##
## Cache variables. ##
## ---------------- ##

ac_cv_build=i686-pc-linux-gnu
ac_cv_c_bigendian=no
ac_cv_c_compiler_gnu=yes
ac_cv_c_const=yes
ac_cv_cxx_compiler_gnu=yes
ac_cv_env_ALL_CFLAGS_set=
ac_cv_env_ALL_CFLAGS_value=
ac_cv_env_ALL_LIBS_set=
ac_cv_env_ALL_LIBS_value=
ac_cv_env_BEAGLE_CFLAGS_set=
ac_cv_env_BEAGLE_CFLAGS_value=
ac_cv_env_BEAGLE_LIBS_set=
ac_cv_env_BEAGLE_LIBS_value=
ac_cv_env_CCC_set=
ac_cv_env_CCC_value=
ac_cv_env_CC_set=
ac_cv_env_CC_value=
ac_cv_env_CFLAGS_set=
ac_cv_env_CFLAGS_value=
ac_cv_env_CPPFLAGS_set=
ac_cv_env_CPPFLAGS_value=
ac_cv_env_CPP_set=
ac_cv_env_CPP_value=
ac_cv_env_CXXCPP_set=
ac_cv_env_CXXCPP_value=
ac_cv_env_CXXFLAGS_set=
ac_cv_env_CXXFLAGS_value=
ac_cv_env_CXX_set=
ac_cv_env_CXX_value=
ac_cv_env_EXEMPI_CFLAGS_set=
ac_cv_env_EXEMPI_CFLAGS_value=
ac_cv_env_EXEMPI_LIBS_set=
ac_cv_env_EXEMPI_LIBS_value=
ac_cv_env_EXEMPI_NEW_API_CFLAGS_set=
ac_cv_env_EXEMPI_NEW_API_CFLAGS_value=
ac_cv_env_EXEMPI_NEW_API_LIBS_set=
ac_cv_env_EXEMPI_NEW_API_LIBS_value=
ac_cv_env_EXIF_CFLAGS_set=
ac_cv_env_EXIF_CFLAGS_value=
ac_cv_env_EXIF_LIBS_set=
ac_cv_env_EXIF_LIBS_value=
ac_cv_env_F77_set=
ac_cv_env_F77_value=
ac_cv_env_FFLAGS_set=
ac_cv_env_FFLAGS_value=
ac_cv_env_LDFLAGS_set=
ac_cv_env_LDFLAGS_value=
ac_cv_env_LIBBACKGROUND_CFLAGS_set=
ac_cv_env_LIBBACKGROUND_CFLAGS_value=
ac_cv_env_LIBBACKGROUND_LIBS_set=
ac_cv_env_LIBBACKGROUND_LIBS_value=
ac_cv_env_LIBS_set=
ac_cv_env_LIBS_value=
ac_cv_env_PKG_CONFIG_set=
ac_cv_env_PKG_CONFIG_value=
ac_cv_env_TRACKER_CFLAGS_set=
ac_cv_env_TRACKER_CFLAGS_value=
ac_cv_env_TRACKER_LIBS_set=
ac_cv_env_TRACKER_LIBS_value=
ac_cv_env_XMKMF_set=
ac_cv_env_XMKMF_value=
ac_cv_env_build_alias_set=
ac_cv_env_build_alias_value=
ac_cv_env_host_alias_set=
ac_cv_env_host_alias_value=
ac_cv_env_target_alias_set=
ac_cv_env_target_alias_value=
ac_cv_f77_compiler_gnu=no
ac_cv_header_dlfcn_h=yes
ac_cv_header_inttypes_h=yes
ac_cv_header_memory_h=yes
ac_cv_header_stdc=yes
ac_cv_header_stdint_h=yes
ac_cv_header_stdlib_h=yes
ac_cv_header_string_h=yes
ac_cv_header_strings_h=yes
ac_cv_header_sys_stat_h=yes
ac_cv_header_sys_types_h=yes
ac_cv_header_unistd_h=yes
ac_cv_host=i686-pc-linux-gnu
ac_cv_objext=o
ac_cv_path_EGREP='/bin/grep -E'
ac_cv_path_GREP=/bin/grep
ac_cv_path_PKG_CONFIG=/usr/bin/pkg-config
ac_cv_path_install='/usr/bin/install -c'
ac_cv_path_mkdir=/bin/mkdir
ac_cv_prog_AWK=mawk
ac_cv_prog_CPP='gcc -E'
ac_cv_prog_CXXCPP='g++ -E'
ac_cv_prog_ac_ct_AR=ar
ac_cv_prog_ac_ct_CC=gcc
ac_cv_prog_ac_ct_CXX=g++
ac_cv_prog_ac_ct_RANLIB=ranlib
ac_cv_prog_ac_ct_STRIP=strip
ac_cv_prog_cc_c89=
ac_cv_prog_cc_g=yes
ac_cv_prog_cxx_g=yes
ac_cv_prog_f77_g=no
ac_cv_prog_make_make_set=yes
am_cv_CC_dependencies_compiler_type=gcc3
am_cv_CXX_dependencies_compiler_type=gcc3
lt_cv_deplibs_check_method=pass_all
lt_cv_file_magic_cmd='$MAGIC_CMD'
lt_cv_file_magic_test_file=
lt_cv_ld_reload_flag=-r
lt_cv_objdir=.libs
lt_cv_path_LD=/usr/bin/ld
lt_cv_path_LDCXX=/usr/bin/ld
lt_cv_path_NM='/usr/bin/nm -B'
lt_cv_path_SED=/bin/sed
lt_cv_prog_compiler_c_o=yes
lt_cv_prog_compiler_c_o_CXX=yes
lt_cv_prog_compiler_pic_works=yes
lt_cv_prog_compiler_pic_works_CXX=yes
lt_cv_prog_compiler_rtti_exceptions=no
lt_cv_prog_compiler_static_works=yes
lt_cv_prog_compiler_static_works_CXX=yes
lt_cv_prog_gnu_ld=yes
lt_cv_prog_gnu_ldcxx=yes
lt_cv_sys_global_symbol_pipe='sed -n -e '\''s/^.*[ 	]\([ABCDGIRSTW][ABCDGIRSTW]*\)[ 	][ 	]*\([_A-Za-z][_A-Za-z0-9]*\)$/\1 \2 \2/p'\'''
lt_cv_sys_global_symbol_to_c_name_address='sed -n -e '\''s/^: \([^ ]*\) $/  {\"\1\", (lt_ptr) 0},/p'\'' -e '\''s/^[BCDEGRST] \([^ ]*\) \([^ ]*\)$/  {"\2", (lt_ptr) \&\2},/p'\'''
lt_cv_sys_global_symbol_to_cdecl='sed -n -e '\''s/^. .* \(.*\)$/extern int \1;/p'\'''
lt_cv_sys_lib_dlsearch_path_spec='/lib /usr/lib /usr/lib/i386-linux-gnu/libfakeroot /lib/i386-linux-gnu /usr/lib/i386-linux-gnu /lib/i586-linux-gnu /usr/lib/i586-linux-gnu /usr/local/lib /usr/lib/vmware-tools/lib32/libvmGuestLib.so /usr/lib/vmware-tools/lib64/libvmGuestLib.so /usr/lib/vmware-tools/lib32/libvmGuestLibJava.so /usr/lib/vmware-tools/lib64/libvmGuestLibJava.so /usr/lib/vmware-tools/lib32/libDeployPkg.so /usr/lib/vmware-tools/lib64/libDeployPkg.so '
lt_cv_sys_lib_search_path_spec='/usr/lib/gcc/i586-linux-gnu/4.9 /usr/lib/i386-linux-gnu /usr/lib /lib/i386-linux-gnu /lib'
lt_cv_sys_max_cmd_len=1572864
lt_lt_cv_prog_compiler_c_o='"yes"'
lt_lt_cv_prog_compiler_c_o_CXX='"yes"'
lt_lt_cv_sys_global_symbol_pipe='"sed -n -e '\''s/^.*[ 	]\\([ABCDGIRSTW][ABCDGIRSTW]*\\)[ 	][ 	]*\\([_A-Za-z][_A-Za-z0-9]*\\)\$/\\1 \\2 \\2/p'\''"'
lt_lt_cv_sys_global_symbol_to_c_name_address='"sed -n -e '\''s/^: \\([^ ]*\\) \$/  {\\\"\\1\\\", (lt_ptr) 0},/p'\'' -e '\''s/^[BCDEGRST] \\([^ ]*\\) \\([^ ]*\\)\$/  {\"\\2\", (lt_ptr) \\&\\2},/p'\''"'
lt_lt_cv_sys_global_symbol_to_cdecl='"sed -n -e '\''s/^. .* \\(.*\\)\$/extern int \\1;/p'\''"'

## ----------------- ##
## Output variables. ##
## ----------------- ##

ACLOCAL='${SHELL} /home/rn10950/Dev/fvwm95/explorer/missing --run aclocal-1.10'
ACLOCAL_AMFLAGS='${ACLOCAL_FLAGS}'
ALL_CFLAGS=''
ALL_LIBS=''
ALL_LINGUAS=''
AMDEPBACKSLASH='\'
AMDEP_FALSE='#'
AMDEP_TRUE=''
AMTAR='${SHELL} /home/rn10950/Dev/fvwm95/explorer/missing --run tar'
AR='ar'
AS='as'
AUTOCONF='${SHELL} /home/rn10950/Dev/fvwm95/explorer/missing --run autoconf'
AUTOHEADER='${SHELL} /home/rn10950/Dev/fvwm95/explorer/missing --run autoheader'
AUTOMAKE='${SHELL} /home/rn10950/Dev/fvwm95/explorer/missing --run automake-1.10'
AWK='mawk'
BEAGLE_CFLAGS=''
BEAGLE_LIBS=''
BONOBO_ACTIVATION_REQUIRED='2.1.0'
BONOBO_REQUIRED='2.1.0'
CATALOGS=''
CATOBJEXT=''
CC='gcc'
CCDEPMODE='depmode=gcc3'
CFLAGS='-g -O2'
CORE_CFLAGS=''
CORE_IDL_INCLUDES=''
CORE_LIBS=''
CPP='gcc -E'
CPPFLAGS=''
CXX='g++'
CXXCPP='g++ -E'
CXXDEPMODE='depmode=gcc3'
CXXFLAGS='-g -O2'
CYGPATH_W='echo'
DATADIRNAME=''
DEFS=''
DEPDIR='.deps'
DISABLE_DEPRECATED_CFLAGS=''
DLLTOOL='dlltool'
DSYMUTIL=''
ECHO='echo'
ECHO_C=''
ECHO_N='-n'
ECHO_T=''
EEL_REQUIRED='2.21.90'
EGREP='/bin/grep -E'
ENABLE_EMPTY_VIEW=''
ENABLE_EMPTY_VIEW_FALSE=''
ENABLE_EMPTY_VIEW_TRUE=''
ENABLE_PROFILER=''
ENABLE_PROFILER_FALSE=''
ENABLE_PROFILER_TRUE=''
ENABLE_UPDATE_MIMEDB_FALSE=''
ENABLE_UPDATE_MIMEDB_TRUE=''
EXEEXT=''
EXEMPI_CFLAGS=''
EXEMPI_LIBS=''
EXEMPI_NEW_API_CFLAGS=''
EXEMPI_NEW_API_LIBS=''
EXIF_CFLAGS=''
EXIF_LIBS=''
F77=''
FFLAGS=''
GCONFTOOL=''
GCONF_SCHEMAS_INSTALL_FALSE=''
GCONF_SCHEMAS_INSTALL_TRUE=''
GCONF_SCHEMA_CONFIG_SOURCE=''
GCONF_SCHEMA_FILE_DIR=''
GETTEXT_PACKAGE=''
GLIB_GENMARSHAL=''
GLIB_REQUIRED='2.15.6'
GMOFILES=''
GMSGFMT=''
GNOME_DESKTOP_REQUIRED='2.9.91'
GNOME_REQUIRED='2.14.0'
GNOME_UI_REQUIRED='2.6.0'
GREP='/bin/grep'
GSEQUENCE_CFLAGS=''
GTK_REQUIRED='2.11.6'
HAVE_BEAGLE_FALSE=''
HAVE_BEAGLE_TRUE=''
HAVE_EXEMPI_FALSE=''
HAVE_EXEMPI_TRUE=''
HAVE_EXIF_FALSE=''
HAVE_EXIF_TRUE=''
HAVE_GLIB_2_14_FALSE=''
HAVE_GLIB_2_14_TRUE=''
HAVE_TRACKER_FALSE=''
HAVE_TRACKER_TRUE=''
INSTALL_DATA='${INSTALL} -m 644'
INSTALL_PROGRAM='${INSTALL}'
INSTALL_SCRIPT='${INSTALL}'
INSTALL_STRIP_PROGRAM='$(install_sh) -c -s'
INSTOBJEXT=''
INTLLIBS=''
INTLTOOL_CAVES_RULE=''
INTLTOOL_DESKTOP_RULE=''
INTLTOOL_DIRECTORY_RULE=''
INTLTOOL_EXTRACT=''
INTLTOOL_KBD_RULE=''
INTLTOOL_KEYS_RULE=''
INTLTOOL_MERGE=''
INTLTOOL_OAF_RULE=''
INTLTOOL_PERL=''
INTLTOOL_POLICY_RULE=''
INTLTOOL_PONG_RULE=''
INTLTOOL_PROP_RULE=''
INTLTOOL_SCHEMAS_RULE=''
INTLTOOL_SERVER_RULE=''
INTLTOOL_SERVICE_RULE=''
INTLTOOL_SHEET_RULE=''
INTLTOOL_SOUNDLIST_RULE=''
INTLTOOL_THEME_RULE=''
INTLTOOL_UI_RULE=''
INTLTOOL_UPDATE=''
INTLTOOL_XAM_RULE=''
INTLTOOL_XML_NOMERGE_RULE=''
INTLTOOL_XML_RULE=''
LDFLAGS=''
LIBBACKGROUND_CFLAGS=''
LIBBACKGROUND_LIBS=''
LIBEGG_CFLAGS=''
LIBNAUTILUS_EXTENSION_CFLAGS=''
LIBNAUTILUS_EXTENSION_LIBS=''
LIBOBJS=''
LIBS=''
LIBTOOL='$(SHELL) $(top_builddir)/libtool'
LN_S='ln -s'
LTLIBOBJS=''
MAINT='#'
MAINTAINER_MODE_FALSE=''
MAINTAINER_MODE_TRUE='#'
MAKEINFO='${SHELL} /home/rn10950/Dev/fvwm95/explorer/missing --run makeinfo'
MKINSTALLDIRS=''
MSGFMT=''
MSGFMT_OPTS=''
MSGMERGE=''
NAUTILUS_EXTENSION_VERSION_INFO='2:0:1'
NMEDIT=''
OBJDUMP='objdump'
OBJEXT='o'
ORBIT_IDL=''
ORBIT_REQUIRED='2.4.0'
PACKAGE='nautilus'
PACKAGE_BUGREPORT='http://bugzilla.gnome.org/enter_bug.cgi?product=nautilus'
PACKAGE_NAME='nautilus'
PACKAGE_STRING='nautilus 2.22.5.1'
PACKAGE_TARNAME='nautilus'
PACKAGE_VERSION='2.22.5.1'
PANGO_REQUIRED='1.1.2'
PATH_SEPARATOR=':'
PKG_CONFIG='/usr/bin/pkg-config'
POFILES=''
POSUB=''
PO_IN_DATADIR_FALSE=''
PO_IN_DATADIR_TRUE=''
RANLIB='ranlib'
RSVG_REQUIRED='2.0.1'
SED='/bin/sed'
SELINUX_LIBS=''
SET_MAKE=''
SHELL='/bin/bash'
STARTUP_NOTIFICATION_PACKAGE=''
STARTUP_NOTIFICATION_REQUIRED='0.8'
STRIP='strip'
TRACKER_CFLAGS=''
TRACKER_LIBS=''
UPDATE_MIME_DATABASE=''
USE_NLS=''
VERSION='2.22.5.1'
XGETTEXT=''
XMKMF=''
XML_REQUIRED='2.4.7'
X_CFLAGS=''
X_EXTRA_LIBS=''
X_LIBS=''
X_PRE_LIBS=''
ac_ct_CC='gcc'
ac_ct_CXX='g++'
ac_ct_F77=''
am__fastdepCC_FALSE='#'
am__fastdepCC_TRUE=''
am__fastdepCXX_FALSE='#'
am__fastdepCXX_TRUE=''
am__include='include'
am__isrc=''
am__leading_dot='.'
am__quote=''
am__tar='${AMTAR} chof - "$$tardir"'
am__untar='${AMTAR} xf -'
bindir='${exec_prefix}/bin'
build='i686-pc-linux-gnu'
build_alias=''
build_cpu='i686'
build_os='linux-gnu'
build_vendor='pc'
datadir='${datarootdir}'
datarootdir='${prefix}/share'
docdir='${datarootdir}/doc/${PACKAGE_TARNAME}'
dvidir='${docdir}'
exec_prefix='NONE'
host='i686-pc-linux-gnu'
host_alias=''
host_cpu='i686'
host_os='linux-gnu'
host_vendor='pc'
htmldir='${docdir}'
includedir='${prefix}/include'
infodir='${datarootdir}/info'
install_sh='$(SHELL) /home/rn10950/Dev/fvwm95/explorer/install-sh'
libdir='${exec_prefix}/lib'
libexecdir='${exec_prefix}/libexec'
localedir='${datarootdir}/locale'
localstatedir='${prefix}/var'
mandir='${datarootdir}/man'
mkdir_p='/bin/mkdir -p'
oldincludedir='/usr/include'
pdfdir='${docdir}'
prefix='NONE'
program_transform_name='s,x,x,'
psdir='${docdir}'
sbindir='${exec_prefix}/sbin'
sharedstatedir='${prefix}/com'
sysconfdir='${prefix}/etc'
target_alias=''

## ----------- ##
## confdefs.h. ##
## ----------- ##

#define PACKAGE_NAME "nautilus"
#define PACKAGE_TARNAME "nautilus"
#define PACKAGE_VERSION "2.22.5.1"
#define PACKAGE_STRING "nautilus 2.22.5.1"
#define PACKAGE_BUGREPORT "http://bugzilla.gnome.org/enter_bug.cgi?product=nautilus"
#define PACKAGE "nautilus"
#define VERSION "2.22.5.1"
#define STDC_HEADERS 1
#define HAVE_SYS_TYPES_H 1
#define HAVE_SYS_STAT_H 1
#define HAVE_STDLIB_H 1
#define HAVE_STRING_H 1
#define HAVE_MEMORY_H 1
#define HAVE_STRINGS_H 1
#define HAVE_INTTYPES_H 1
#define HAVE_STDINT_H 1
#define HAVE_UNISTD_H 1
#define HAVE_DLFCN_H 1

configure: exit 1
