This file contains any messages produced by compilers while
running configure, to aid debugging if configure makes a mistake.

It was created by configure, which was
generated by GNU Autoconf 2.59.  Invocation command line was

  $ ./configure 

## --------- ##
## Platform. ##
## --------- ##

hostname = FVWm95-TestVM
uname -m = i686
uname -r = 3.16.0-4-686-pae
uname -s = Linux
uname -v = #1 SMP Debian 3.16.7-ckt11-1 (2015-05-24)

/usr/bin/uname -p = unknown
/bin/uname -X     = unknown

/bin/arch              = unknown
/usr/bin/arch -k       = unknown
/usr/convex/getsysinfo = unknown
hostinfo               = unknown
/bin/machine           = unknown
/usr/bin/oslevel       = unknown
/bin/universe          = unknown

PATH: /usr/local/sbin
PATH: /usr/local/bin
PATH: /usr/sbin
PATH: /usr/bin
PATH: /sbin
PATH: /bin


## ----------- ##
## Core tests. ##
## ----------- ##

configure:1371: checking for ar
configure:1387: found /usr/bin/ar
configure:1398: result: ar
configure:1446: checking for ranlib
configure:1462: found /usr/bin/ranlib
configure:1473: result: ranlib
configure:1489: checking for bison
configure:1518: result: no
configure:1489: checking for byacc
configure:1518: result: no
configure:1526: checking whether make sets $(MAKE)
configure:1546: result: yes
configure:1593: checking for a BSD-compatible install
configure:1648: result: /usr/bin/install -c
configure:1721: checking for g++
configure:1737: found /usr/bin/g++
configure:1747: result: g++
configure:1763: checking for C++ compiler version
configure:1766: g++ --version </dev/null >&5
g++ (Debian 4.9.2-10) 4.9.2
Copyright (C) 2014 Free Software Foundation, Inc.
This is free software; see the source for copying conditions.  There is NO
warranty; not even for MERCHANTABILITY or FITNESS FOR A PARTICULAR PURPOSE.

configure:1769: $? = 0
configure:1771: g++ -v </dev/null >&5
Using built-in specs.
COLLECT_GCC=g++
COLLECT_LTO_WRAPPER=/usr/lib/gcc/i586-linux-gnu/4.9/lto-wrapper
Target: i586-linux-gnu
Configured with: ../src/configure -v --with-pkgversion='Debian 4.9.2-10' --with-bugurl=file:///usr/share/doc/gcc-4.9/README.Bugs --enable-languages=c,c++,java,go,d,fortran,objc,obj-c++ --prefix=/usr --program-suffix=-4.9 --enable-shared --enable-linker-build-id --libexecdir=/usr/lib --without-included-gettext --enable-threads=posix --with-gxx-include-dir=/usr/include/c++/4.9 --libdir=/usr/lib --enable-nls --with-sysroot=/ --enable-clocale=gnu --enable-libstdcxx-debug --enable-libstdcxx-time=yes --enable-gnu-unique-object --disable-vtable-verify --enable-plugin --with-system-zlib --disable-browser-plugin --enable-java-awt=gtk --enable-gtk-cairo --with-java-home=/usr/lib/jvm/java-1.5.0-gcj-4.9-i386/jre --enable-java-home --with-jvm-root-dir=/usr/lib/jvm/java-1.5.0-gcj-4.9-i386 --with-jvm-jar-dir=/usr/lib/jvm-exports/java-1.5.0-gcj-4.9-i386 --with-arch-directory=i386 --with-ecj-jar=/usr/share/java/eclipse-ecj.jar --enable-objc-gc --enable-targets=all --enable-multiarch --with-arch-32=i586 --with-multilib-list=m32,m64,mx32 --enable-multilib --with-tune=generic --enable-checking=release --build=i586-linux-gnu --host=i586-linux-gnu --target=i586-linux-gnu
Thread model: posix
gcc version 4.9.2 (Debian 4.9.2-10) 
configure:1774: $? = 0
configure:1776: g++ -V </dev/null >&5
g++: error: unrecognized command line option '-V'
g++: fatal error: no input files
compilation terminated.
configure:1779: $? = 4
configure:1802: checking for C++ compiler default output file name
configure:1805: g++  -g   conftest.cc  >&5
configure:1808: $? = 0
configure:1854: result: a.out
configure:1859: checking whether the C++ compiler works
configure:1865: ./a.out
configure:1868: $? = 0
configure:1885: result: yes
configure:1892: checking whether we are cross compiling
configure:1894: result: no
configure:1897: checking for suffix of executables
configure:1899: g++ -o conftest  -g   conftest.cc  >&5
configure:1902: $? = 0
configure:1927: result: 
configure:1933: checking for suffix of object files
configure:1954: g++ -c  -g  conftest.cc >&5
configure:1957: $? = 0
configure:1979: result: o
configure:1983: checking whether we are using the GNU C++ compiler
configure:2007: g++ -c  -g  conftest.cc >&5
configure:2013: $? = 0
configure:2017: test -z 
			 || test ! -s conftest.err
configure:2020: $? = 0
configure:2023: test -s conftest.o
configure:2026: $? = 0
configure:2039: result: yes
configure:2045: checking whether g++ accepts -g
configure:2066: g++ -c -g  conftest.cc >&5
configure:2072: $? = 0
configure:2076: test -z 
			 || test ! -s conftest.err
configure:2079: $? = 0
configure:2082: test -s conftest.o
configure:2085: $? = 0
configure:2096: result: yes
configure:2138: g++ -c  -g  conftest.cc >&5
configure:2144: $? = 0
configure:2148: test -z 
			 || test ! -s conftest.err
configure:2151: $? = 0
configure:2154: test -s conftest.o
configure:2157: $? = 0
configure:2183: g++ -c  -g  conftest.cc >&5
conftest.cc: In function 'int main()':
conftest.cc:13:9: error: 'exit' was not declared in this scope
 exit (42);
         ^
configure:2189: $? = 1
configure: failed program was:
| /* confdefs.h.  */
| 
| #define PACKAGE_NAME ""
| #define PACKAGE_TARNAME ""
| #define PACKAGE_VERSION ""
| #define PACKAGE_STRING ""
| #define PACKAGE_BUGREPORT ""
| /* end confdefs.h.  */
| 
| int
| main ()
| {
| exit (42);
|   ;
|   return 0;
| }
configure:2138: g++ -c  -g  conftest.cc >&5
conftest.cc:9:40: error: 'void std::exit(int)' should have been declared inside 'std'
 extern "C" void std::exit (int) throw (); using std::exit;
                                        ^
configure:2144: $? = 1
configure: failed program was:
| /* confdefs.h.  */
| 
| #define PACKAGE_NAME ""
| #define PACKAGE_TARNAME ""
| #define PACKAGE_VERSION ""
| #define PACKAGE_STRING ""
| #define PACKAGE_BUGREPORT ""
| /* end confdefs.h.  */
| extern "C" void std::exit (int) throw (); using std::exit;
| #include <stdlib.h>
| int
| main ()
| {
| exit (42);
|   ;
|   return 0;
| }
configure:2138: g++ -c  -g  conftest.cc >&5
conftest.cc:9:31: error: 'void std::exit(int)' should have been declared inside 'std'
 extern "C" void std::exit (int); using std::exit;
                               ^
In file included from conftest.cc:10:0:
/usr/include/stdlib.h:543:70: error: declaration of 'void std::exit(int) throw ()' has a different exception specifier
 extern void exit (int __status) __THROW __attribute__ ((__noreturn__));
                                                                      ^
conftest.cc:9:17: error: from previous declaration 'void std::exit(int)'
 extern "C" void std::exit (int); using std::exit;
                 ^
configure:2144: $? = 1
configure: failed program was:
| /* confdefs.h.  */
| 
| #define PACKAGE_NAME ""
| #define PACKAGE_TARNAME ""
| #define PACKAGE_VERSION ""
| #define PACKAGE_STRING ""
| #define PACKAGE_BUGREPORT ""
| /* end confdefs.h.  */
| extern "C" void std::exit (int); using std::exit;
| #include <stdlib.h>
| int
| main ()
| {
| exit (42);
|   ;
|   return 0;
| }
configure:2138: g++ -c  -g  conftest.cc >&5
configure:2144: $? = 0
configure:2148: test -z 
			 || test ! -s conftest.err
configure:2151: $? = 0
configure:2154: test -s conftest.o
configure:2157: $? = 0
configure:2183: g++ -c  -g  conftest.cc >&5
configure:2189: $? = 0
configure:2193: test -z 
			 || test ! -s conftest.err
configure:2196: $? = 0
configure:2199: test -s conftest.o
configure:2202: $? = 0
configure:2246: checking how to run the C++ preprocessor
configure:2277: g++ -E  conftest.cc
configure:2283: $? = 0
configure:2315: g++ -E  conftest.cc
conftest.cc:12:28: fatal error: ac_nonexistent.h: No such file or directory
 #include <ac_nonexistent.h>
                            ^
compilation terminated.
configure:2321: $? = 1
configure: failed program was:
| /* confdefs.h.  */
| 
| #define PACKAGE_NAME ""
| #define PACKAGE_TARNAME ""
| #define PACKAGE_VERSION ""
| #define PACKAGE_STRING ""
| #define PACKAGE_BUGREPORT ""
| #ifdef __cplusplus
| extern "C" void exit (int) throw ();
| #endif
| /* end confdefs.h.  */
| #include <ac_nonexistent.h>
configure:2360: result: g++ -E
configure:2384: g++ -E  conftest.cc
configure:2390: $? = 0
configure:2422: g++ -E  conftest.cc
conftest.cc:12:28: fatal error: ac_nonexistent.h: No such file or directory
 #include <ac_nonexistent.h>
                            ^
compilation terminated.
configure:2428: $? = 1
configure: failed program was:
| /* confdefs.h.  */
| 
| #define PACKAGE_NAME ""
| #define PACKAGE_TARNAME ""
| #define PACKAGE_VERSION ""
| #define PACKAGE_STRING ""
| #define PACKAGE_BUGREPORT ""
| #ifdef __cplusplus
| extern "C" void exit (int) throw ();
| #endif
| /* end confdefs.h.  */
| #include <ac_nonexistent.h>
configure:2472: checking for egrep
configure:2482: result: grep -E
configure:2488: checking for AIX
configure:2510: result: no
configure:2519: checking for ANSI C header files
configure:2544: g++ -c  -g  conftest.cc >&5
configure:2550: $? = 0
configure:2554: test -z 
			 || test ! -s conftest.err
configure:2557: $? = 0
configure:2560: test -s conftest.o
configure:2563: $? = 0
configure:2652: g++ -o conftest  -g   conftest.cc  >&5
configure:2655: $? = 0
configure:2657: ./conftest
configure:2660: $? = 0
configure:2675: result: yes
configure:2699: checking for sys/types.h
configure:2715: g++ -c  -g  conftest.cc >&5
configure:2721: $? = 0
configure:2725: test -z 
			 || test ! -s conftest.err
configure:2728: $? = 0
configure:2731: test -s conftest.o
configure:2734: $? = 0
configure:2745: result: yes
configure:2699: checking for sys/stat.h
configure:2715: g++ -c  -g  conftest.cc >&5
configure:2721: $? = 0
configure:2725: test -z 
			 || test ! -s conftest.err
configure:2728: $? = 0
configure:2731: test -s conftest.o
configure:2734: $? = 0
configure:2745: result: yes
configure:2699: checking for stdlib.h
configure:2715: g++ -c  -g  conftest.cc >&5
configure:2721: $? = 0
configure:2725: test -z 
			 || test ! -s conftest.err
configure:2728: $? = 0
configure:2731: test -s conftest.o
configure:2734: $? = 0
configure:2745: result: yes
configure:2699: checking for string.h
configure:2715: g++ -c  -g  conftest.cc >&5
configure:2721: $? = 0
configure:2725: test -z 
			 || test ! -s conftest.err
configure:2728: $? = 0
configure:2731: test -s conftest.o
configure:2734: $? = 0
configure:2745: result: yes
configure:2699: checking for memory.h
configure:2715: g++ -c  -g  conftest.cc >&5
configure:2721: $? = 0
configure:2725: test -z 
			 || test ! -s conftest.err
configure:2728: $? = 0
configure:2731: test -s conftest.o
configure:2734: $? = 0
configure:2745: result: yes
configure:2699: checking for strings.h
configure:2715: g++ -c  -g  conftest.cc >&5
configure:2721: $? = 0
configure:2725: test -z 
			 || test ! -s conftest.err
configure:2728: $? = 0
configure:2731: test -s conftest.o
configure:2734: $? = 0
configure:2745: result: yes
configure:2699: checking for inttypes.h
configure:2715: g++ -c  -g  conftest.cc >&5
configure:2721: $? = 0
configure:2725: test -z 
			 || test ! -s conftest.err
configure:2728: $? = 0
configure:2731: test -s conftest.o
configure:2734: $? = 0
configure:2745: result: yes
configure:2699: checking for stdint.h
configure:2715: g++ -c  -g  conftest.cc >&5
configure:2721: $? = 0
configure:2725: test -z 
			 || test ! -s conftest.err
configure:2728: $? = 0
configure:2731: test -s conftest.o
configure:2734: $? = 0
configure:2745: result: yes
configure:2699: checking for unistd.h
configure:2715: g++ -c  -g  conftest.cc >&5
configure:2721: $? = 0
configure:2725: test -z 
			 || test ! -s conftest.err
configure:2728: $? = 0
configure:2731: test -s conftest.o
configure:2734: $? = 0
configure:2745: result: yes
configure:2764: checking for memory.h
configure:2769: result: yes
configure:2764: checking for unistd.h
configure:2769: result: yes
configure:2764: checking for string.h
configure:2769: result: yes
configure:2926: checking fcntl.h usability
configure:2938: g++ -c  -g  conftest.cc >&5
configure:2944: $? = 0
configure:2948: test -z 
			 || test ! -s conftest.err
configure:2951: $? = 0
configure:2954: test -s conftest.o
configure:2957: $? = 0
configure:2967: result: yes
configure:2971: checking fcntl.h presence
configure:2981: g++ -E  conftest.cc
configure:2987: $? = 0
configure:3007: result: yes
configure:3042: checking for fcntl.h
configure:3049: result: yes
configure:2926: checking sys/time.h usability
configure:2938: g++ -c  -g  conftest.cc >&5
configure:2944: $? = 0
configure:2948: test -z 
			 || test ! -s conftest.err
configure:2951: $? = 0
configure:2954: test -s conftest.o
configure:2957: $? = 0
configure:2967: result: yes
configure:2971: checking sys/time.h presence
configure:2981: g++ -E  conftest.cc
configure:2987: $? = 0
configure:3007: result: yes
configure:3042: checking for sys/time.h
configure:3049: result: yes
configure:2926: checking sys/systeminfo.h usability
configure:2938: g++ -c  -g  conftest.cc >&5
conftest.cc:61:28: fatal error: sys/systeminfo.h: No such file or directory
 #include <sys/systeminfo.h>
                            ^
compilation terminated.
configure:2944: $? = 1
configure: failed program was:
| /* confdefs.h.  */
| 
| #define PACKAGE_NAME ""
| #define PACKAGE_TARNAME ""
| #define PACKAGE_VERSION ""
| #define PACKAGE_STRING ""
| #define PACKAGE_BUGREPORT ""
| #ifdef __cplusplus
| extern "C" void exit (int) throw ();
| #endif
| #define STDC_HEADERS 1
| #define HAVE_SYS_TYPES_H 1
| #define HAVE_SYS_STAT_H 1
| #define HAVE_STDLIB_H 1
| #define HAVE_STRING_H 1
| #define HAVE_MEMORY_H 1
| #define HAVE_STRINGS_H 1
| #define HAVE_INTTYPES_H 1
| #define HAVE_STDINT_H 1
| #define HAVE_UNISTD_H 1
| #define HAVE_MEMORY_H 1
| #define HAVE_UNISTD_H 1
| #define HAVE_STRING_H 1
| #define HAVE_FCNTL_H 1
| #define HAVE_SYS_TIME_H 1
| /* end confdefs.h.  */
| #include <stdio.h>
| #if HAVE_SYS_TYPES_H
| # include <sys/types.h>
| #endif
| #if HAVE_SYS_STAT_H
| # include <sys/stat.h>
| #endif
| #if STDC_HEADERS
| # include <stdlib.h>
| # include <stddef.h>
| #else
| # if HAVE_STDLIB_H
| #  include <stdlib.h>
| # endif
| #endif
| #if HAVE_STRING_H
| # if !STDC_HEADERS && HAVE_MEMORY_H
| #  include <memory.h>
| # endif
| # include <string.h>
| #endif
| #if HAVE_STRINGS_H
| # include <strings.h>
| #endif
| #if HAVE_INTTYPES_H
| # include <inttypes.h>
| #else
| # if HAVE_STDINT_H
| #  include <stdint.h>
| # endif
| #endif
| #if HAVE_UNISTD_H
| # include <unistd.h>
| #endif
| #include <sys/systeminfo.h>
configure:2967: result: no
configure:2971: checking sys/systeminfo.h presence
configure:2981: g++ -E  conftest.cc
conftest.cc:27:28: fatal error: sys/systeminfo.h: No such file or directory
 #include <sys/systeminfo.h>
                            ^
compilation terminated.
configure:2987: $? = 1
configure: failed program was:
| /* confdefs.h.  */
| 
| #define PACKAGE_NAME ""
| #define PACKAGE_TARNAME ""
| #define PACKAGE_VERSION ""
| #define PACKAGE_STRING ""
| #define PACKAGE_BUGREPORT ""
| #ifdef __cplusplus
| extern "C" void exit (int) throw ();
| #endif
| #define STDC_HEADERS 1
| #define HAVE_SYS_TYPES_H 1
| #define HAVE_SYS_STAT_H 1
| #define HAVE_STDLIB_H 1
| #define HAVE_STRING_H 1
| #define HAVE_MEMORY_H 1
| #define HAVE_STRINGS_H 1
| #define HAVE_INTTYPES_H 1
| #define HAVE_STDINT_H 1
| #define HAVE_UNISTD_H 1
| #define HAVE_MEMORY_H 1
| #define HAVE_UNISTD_H 1
| #define HAVE_STRING_H 1
| #define HAVE_FCNTL_H 1
| #define HAVE_SYS_TIME_H 1
| /* end confdefs.h.  */
| #include <sys/systeminfo.h>
configure:3007: result: no
configure:3042: checking for sys/systeminfo.h
configure:3049: result: no
configure:2917: checking for sys/stat.h
configure:2922: result: yes
configure:3079: checking sys/select.h usability
configure:3091: g++ -c  -g  conftest.cc >&5
configure:3097: $? = 0
configure:3101: test -z 
			 || test ! -s conftest.err
configure:3104: $? = 0
configure:3107: test -s conftest.o
configure:3110: $? = 0
configure:3120: result: yes
configure:3124: checking sys/select.h presence
configure:3134: g++ -E  conftest.cc
configure:3140: $? = 0
configure:3160: result: yes
configure:3195: checking for sys/select.h
configure:3202: result: yes
configure:3079: checking pwd.h usability
configure:3091: g++ -c  -g  conftest.cc >&5
configure:3097: $? = 0
configure:3101: test -z 
			 || test ! -s conftest.err
configure:3104: $? = 0
configure:3107: test -s conftest.o
configure:3110: $? = 0
configure:3120: result: yes
configure:3124: checking pwd.h presence
configure:3134: g++ -E  conftest.cc
configure:3140: $? = 0
configure:3160: result: yes
configure:3195: checking for pwd.h
configure:3202: result: yes
configure:3070: checking for sys/types.h
configure:3075: result: yes
configure:3079: checking sys/wait.h usability
configure:3091: g++ -c  -g  conftest.cc >&5
configure:3097: $? = 0
configure:3101: test -z 
			 || test ! -s conftest.err
configure:3104: $? = 0
configure:3107: test -s conftest.o
configure:3110: $? = 0
configure:3120: result: yes
configure:3124: checking sys/wait.h presence
configure:3134: g++ -E  conftest.cc
configure:3140: $? = 0
configure:3160: result: yes
configure:3195: checking for sys/wait.h
configure:3202: result: yes
configure:3223: checking for dirent.h that defines DIR
configure:3247: g++ -c  -g  conftest.cc >&5
configure:3253: $? = 0
configure:3257: test -z 
			 || test ! -s conftest.err
configure:3260: $? = 0
configure:3263: test -s conftest.o
configure:3266: $? = 0
configure:3277: result: yes
configure:3290: checking for library containing opendir
configure:3320: g++ -o conftest  -g   conftest.cc  >&5
configure:3326: $? = 0
configure:3330: test -z 
			 || test ! -s conftest.err
configure:3333: $? = 0
configure:3336: test -s conftest
configure:3339: $? = 0
configure:3409: result: none required
configure:3545: checking whether time.h and sys/time.h may both be included
configure:3570: g++ -c  -g  conftest.cc >&5
configure:3576: $? = 0
configure:3580: test -z 
			 || test ! -s conftest.err
configure:3583: $? = 0
configure:3586: test -s conftest.o
configure:3589: $? = 0
configure:3600: result: yes
configure:3627: checking GL/glx.h usability
configure:3639: g++ -c  -g  conftest.cc >&5
conftest.cc:68:20: fatal error: GL/glx.h: No such file or directory
 #include <GL/glx.h>
                    ^
compilation terminated.
configure:3645: $? = 1
configure: failed program was:
| /* confdefs.h.  */
| 
| #define PACKAGE_NAME ""
| #define PACKAGE_TARNAME ""
| #define PACKAGE_VERSION ""
| #define PACKAGE_STRING ""
| #define PACKAGE_BUGREPORT ""
| #ifdef __cplusplus
| extern "C" void exit (int) throw ();
| #endif
| #define STDC_HEADERS 1
| #define HAVE_SYS_TYPES_H 1
| #define HAVE_SYS_STAT_H 1
| #define HAVE_STDLIB_H 1
| #define HAVE_STRING_H 1
| #define HAVE_MEMORY_H 1
| #define HAVE_STRINGS_H 1
| #define HAVE_INTTYPES_H 1
| #define HAVE_STDINT_H 1
| #define HAVE_UNISTD_H 1
| #define HAVE_MEMORY_H 1
| #define HAVE_UNISTD_H 1
| #define HAVE_STRING_H 1
| #define HAVE_FCNTL_H 1
| #define HAVE_SYS_TIME_H 1
| #define HAVE_SYS_STAT_H 1
| #define HAVE_SYS_SELECT_H 1
| #define HAVE_PWD_H 1
| #define HAVE_SYS_TYPES_H 1
| #define HAVE_SYS_WAIT_H 1
| #define HAVE_DIRENT_H 1
| #define TIME_WITH_SYS_TIME 1
| /* end confdefs.h.  */
| #include <stdio.h>
| #if HAVE_SYS_TYPES_H
| # include <sys/types.h>
| #endif
| #if HAVE_SYS_STAT_H
| # include <sys/stat.h>
| #endif
| #if STDC_HEADERS
| # include <stdlib.h>
| # include <stddef.h>
| #else
| # if HAVE_STDLIB_H
| #  include <stdlib.h>
| # endif
| #endif
| #if HAVE_STRING_H
| # if !STDC_HEADERS && HAVE_MEMORY_H
| #  include <memory.h>
| # endif
| # include <string.h>
| #endif
| #if HAVE_STRINGS_H
| # include <strings.h>
| #endif
| #if HAVE_INTTYPES_H
| # include <inttypes.h>
| #else
| # if HAVE_STDINT_H
| #  include <stdint.h>
| # endif
| #endif
| #if HAVE_UNISTD_H
| # include <unistd.h>
| #endif
| #include <GL/glx.h>
configure:3668: result: no
configure:3672: checking GL/glx.h presence
configure:3682: g++ -E  conftest.cc
conftest.cc:34:20: fatal error: GL/glx.h: No such file or directory
 #include <GL/glx.h>
                    ^
compilation terminated.
configure:3688: $? = 1
configure: failed program was:
| /* confdefs.h.  */
| 
| #define PACKAGE_NAME ""
| #define PACKAGE_TARNAME ""
| #define PACKAGE_VERSION ""
| #define PACKAGE_STRING ""
| #define PACKAGE_BUGREPORT ""
| #ifdef __cplusplus
| extern "C" void exit (int) throw ();
| #endif
| #define STDC_HEADERS 1
| #define HAVE_SYS_TYPES_H 1
| #define HAVE_SYS_STAT_H 1
| #define HAVE_STDLIB_H 1
| #define HAVE_STRING_H 1
| #define HAVE_MEMORY_H 1
| #define HAVE_STRINGS_H 1
| #define HAVE_INTTYPES_H 1
| #define HAVE_STDINT_H 1
| #define HAVE_UNISTD_H 1
| #define HAVE_MEMORY_H 1
| #define HAVE_UNISTD_H 1
| #define HAVE_STRING_H 1
| #define HAVE_FCNTL_H 1
| #define HAVE_SYS_TIME_H 1
| #define HAVE_SYS_STAT_H 1
| #define HAVE_SYS_SELECT_H 1
| #define HAVE_PWD_H 1
| #define HAVE_SYS_TYPES_H 1
| #define HAVE_SYS_WAIT_H 1
| #define HAVE_DIRENT_H 1
| #define TIME_WITH_SYS_TIME 1
| /* end confdefs.h.  */
| #include <GL/glx.h>
configure:3708: result: no
configure:3743: checking for GL/glx.h
configure:3750: result: no
configure:3627: checking GL/gl.h usability
configure:3639: g++ -c  -g  conftest.cc >&5
conftest.cc:68:19: fatal error: GL/gl.h: No such file or directory
 #include <GL/gl.h>
                   ^
compilation terminated.
configure:3645: $? = 1
configure: failed program was:
| /* confdefs.h.  */
| 
| #define PACKAGE_NAME ""
| #define PACKAGE_TARNAME ""
| #define PACKAGE_VERSION ""
| #define PACKAGE_STRING ""
| #define PACKAGE_BUGREPORT ""
| #ifdef __cplusplus
| extern "C" void exit (int) throw ();
| #endif
| #define STDC_HEADERS 1
| #define HAVE_SYS_TYPES_H 1
| #define HAVE_SYS_STAT_H 1
| #define HAVE_STDLIB_H 1
| #define HAVE_STRING_H 1
| #define HAVE_MEMORY_H 1
| #define HAVE_STRINGS_H 1
| #define HAVE_INTTYPES_H 1
| #define HAVE_STDINT_H 1
| #define HAVE_UNISTD_H 1
| #define HAVE_MEMORY_H 1
| #define HAVE_UNISTD_H 1
| #define HAVE_STRING_H 1
| #define HAVE_FCNTL_H 1
| #define HAVE_SYS_TIME_H 1
| #define HAVE_SYS_STAT_H 1
| #define HAVE_SYS_SELECT_H 1
| #define HAVE_PWD_H 1
| #define HAVE_SYS_TYPES_H 1
| #define HAVE_SYS_WAIT_H 1
| #define HAVE_DIRENT_H 1
| #define TIME_WITH_SYS_TIME 1
| /* end confdefs.h.  */
| #include <stdio.h>
| #if HAVE_SYS_TYPES_H
| # include <sys/types.h>
| #endif
| #if HAVE_SYS_STAT_H
| # include <sys/stat.h>
| #endif
| #if STDC_HEADERS
| # include <stdlib.h>
| # include <stddef.h>
| #else
| # if HAVE_STDLIB_H
| #  include <stdlib.h>
| # endif
| #endif
| #if HAVE_STRING_H
| # if !STDC_HEADERS && HAVE_MEMORY_H
| #  include <memory.h>
| # endif
| # include <string.h>
| #endif
| #if HAVE_STRINGS_H
| # include <strings.h>
| #endif
| #if HAVE_INTTYPES_H
| # include <inttypes.h>
| #else
| # if HAVE_STDINT_H
| #  include <stdint.h>
| # endif
| #endif
| #if HAVE_UNISTD_H
| # include <unistd.h>
| #endif
| #include <GL/gl.h>
configure:3668: result: no
configure:3672: checking GL/gl.h presence
configure:3682: g++ -E  conftest.cc
conftest.cc:34:19: fatal error: GL/gl.h: No such file or directory
 #include <GL/gl.h>
                   ^
compilation terminated.
configure:3688: $? = 1
configure: failed program was:
| /* confdefs.h.  */
| 
| #define PACKAGE_NAME ""
| #define PACKAGE_TARNAME ""
| #define PACKAGE_VERSION ""
| #define PACKAGE_STRING ""
| #define PACKAGE_BUGREPORT ""
| #ifdef __cplusplus
| extern "C" void exit (int) throw ();
| #endif
| #define STDC_HEADERS 1
| #define HAVE_SYS_TYPES_H 1
| #define HAVE_SYS_STAT_H 1
| #define HAVE_STDLIB_H 1
| #define HAVE_STRING_H 1
| #define HAVE_MEMORY_H 1
| #define HAVE_STRINGS_H 1
| #define HAVE_INTTYPES_H 1
| #define HAVE_STDINT_H 1
| #define HAVE_UNISTD_H 1
| #define HAVE_MEMORY_H 1
| #define HAVE_UNISTD_H 1
| #define HAVE_STRING_H 1
| #define HAVE_FCNTL_H 1
| #define HAVE_SYS_TIME_H 1
| #define HAVE_SYS_STAT_H 1
| #define HAVE_SYS_SELECT_H 1
| #define HAVE_PWD_H 1
| #define HAVE_SYS_TYPES_H 1
| #define HAVE_SYS_WAIT_H 1
| #define HAVE_DIRENT_H 1
| #define TIME_WITH_SYS_TIME 1
| /* end confdefs.h.  */
| #include <GL/gl.h>
configure:3708: result: no
configure:3743: checking for GL/gl.h
configure:3750: result: no
configure:3627: checking GL/glu.h usability
configure:3639: g++ -c  -g  conftest.cc >&5
conftest.cc:68:20: fatal error: GL/glu.h: No such file or directory
 #include <GL/glu.h>
                    ^
compilation terminated.
configure:3645: $? = 1
configure: failed program was:
| /* confdefs.h.  */
| 
| #define PACKAGE_NAME ""
| #define PACKAGE_TARNAME ""
| #define PACKAGE_VERSION ""
| #define PACKAGE_STRING ""
| #define PACKAGE_BUGREPORT ""
| #ifdef __cplusplus
| extern "C" void exit (int) throw ();
| #endif
| #define STDC_HEADERS 1
| #define HAVE_SYS_TYPES_H 1
| #define HAVE_SYS_STAT_H 1
| #define HAVE_STDLIB_H 1
| #define HAVE_STRING_H 1
| #define HAVE_MEMORY_H 1
| #define HAVE_STRINGS_H 1
| #define HAVE_INTTYPES_H 1
| #define HAVE_STDINT_H 1
| #define HAVE_UNISTD_H 1
| #define HAVE_MEMORY_H 1
| #define HAVE_UNISTD_H 1
| #define HAVE_STRING_H 1
| #define HAVE_FCNTL_H 1
| #define HAVE_SYS_TIME_H 1
| #define HAVE_SYS_STAT_H 1
| #define HAVE_SYS_SELECT_H 1
| #define HAVE_PWD_H 1
| #define HAVE_SYS_TYPES_H 1
| #define HAVE_SYS_WAIT_H 1
| #define HAVE_DIRENT_H 1
| #define TIME_WITH_SYS_TIME 1
| /* end confdefs.h.  */
| #include <stdio.h>
| #if HAVE_SYS_TYPES_H
| # include <sys/types.h>
| #endif
| #if HAVE_SYS_STAT_H
| # include <sys/stat.h>
| #endif
| #if STDC_HEADERS
| # include <stdlib.h>
| # include <stddef.h>
| #else
| # if HAVE_STDLIB_H
| #  include <stdlib.h>
| # endif
| #endif
| #if HAVE_STRING_H
| # if !STDC_HEADERS && HAVE_MEMORY_H
| #  include <memory.h>
| # endif
| # include <string.h>
| #endif
| #if HAVE_STRINGS_H
| # include <strings.h>
| #endif
| #if HAVE_INTTYPES_H
| # include <inttypes.h>
| #else
| # if HAVE_STDINT_H
| #  include <stdint.h>
| # endif
| #endif
| #if HAVE_UNISTD_H
| # include <unistd.h>
| #endif
| #include <GL/glu.h>
configure:3668: result: no
configure:3672: checking GL/glu.h presence
configure:3682: g++ -E  conftest.cc
conftest.cc:34:20: fatal error: GL/glu.h: No such file or directory
 #include <GL/glu.h>
                    ^
compilation terminated.
configure:3688: $? = 1
configure: failed program was:
| /* confdefs.h.  */
| 
| #define PACKAGE_NAME ""
| #define PACKAGE_TARNAME ""
| #define PACKAGE_VERSION ""
| #define PACKAGE_STRING ""
| #define PACKAGE_BUGREPORT ""
| #ifdef __cplusplus
| extern "C" void exit (int) throw ();
| #endif
| #define STDC_HEADERS 1
| #define HAVE_SYS_TYPES_H 1
| #define HAVE_SYS_STAT_H 1
| #define HAVE_STDLIB_H 1
| #define HAVE_STRING_H 1
| #define HAVE_MEMORY_H 1
| #define HAVE_STRINGS_H 1
| #define HAVE_INTTYPES_H 1
| #define HAVE_STDINT_H 1
| #define HAVE_UNISTD_H 1
| #define HAVE_MEMORY_H 1
| #define HAVE_UNISTD_H 1
| #define HAVE_STRING_H 1
| #define HAVE_FCNTL_H 1
| #define HAVE_SYS_TIME_H 1
| #define HAVE_SYS_STAT_H 1
| #define HAVE_SYS_SELECT_H 1
| #define HAVE_PWD_H 1
| #define HAVE_SYS_TYPES_H 1
| #define HAVE_SYS_WAIT_H 1
| #define HAVE_DIRENT_H 1
| #define TIME_WITH_SYS_TIME 1
| /* end confdefs.h.  */
| #include <GL/glu.h>
configure:3708: result: no
configure:3743: checking for GL/glu.h
configure:3750: result: no
configure:3767: checking return type of signal handlers
configure:3798: g++ -c  -g  conftest.cc >&5
configure:3804: $? = 0
configure:3808: test -z 
			 || test ! -s conftest.err
configure:3811: $? = 0
configure:3814: test -s conftest.o
configure:3817: $? = 0
configure:3828: result: void
configure:3846: checking for gethostname
configure:3903: g++ -o conftest  -g   conftest.cc  >&5
configure:3909: $? = 0
configure:3913: test -z 
			 || test ! -s conftest.err
configure:3916: $? = 0
configure:3919: test -s conftest
configure:3922: $? = 0
configure:3934: result: yes
configure:3846: checking for putenv
configure:3903: g++ -o conftest  -g   conftest.cc  >&5
configure:3909: $? = 0
configure:3913: test -z 
			 || test ! -s conftest.err
configure:3916: $? = 0
configure:3919: test -s conftest
configure:3922: $? = 0
configure:3934: result: yes
configure:3846: checking for select
configure:3903: g++ -o conftest  -g   conftest.cc  >&5
configure:3909: $? = 0
configure:3913: test -z 
			 || test ! -s conftest.err
configure:3916: $? = 0
configure:3919: test -s conftest
configure:3922: $? = 0
configure:3934: result: yes
configure:3846: checking for strstr
configure:3903: g++ -o conftest  -g   conftest.cc  >&5
configure:3909: $? = 0
configure:3913: test -z 
			 || test ! -s conftest.err
configure:3916: $? = 0
configure:3919: test -s conftest
configure:3922: $? = 0
configure:3934: result: yes
configure:3846: checking for strcasecmp
configure:3903: g++ -o conftest  -g   conftest.cc  >&5
configure:3909: $? = 0
configure:3913: test -z 
			 || test ! -s conftest.err
configure:3916: $? = 0
configure:3919: test -s conftest
configure:3922: $? = 0
configure:3934: result: yes
configure:3846: checking for strncasecmp
configure:3903: g++ -o conftest  -g   conftest.cc  >&5
configure:3909: $? = 0
configure:3913: test -z 
			 || test ! -s conftest.err
configure:3916: $? = 0
configure:3919: test -s conftest
configure:3922: $? = 0
configure:3934: result: yes
configure:3846: checking for sysconf
configure:3903: g++ -o conftest  -g   conftest.cc  >&5
configure:3909: $? = 0
configure:3913: test -z 
			 || test ! -s conftest.err
configure:3916: $? = 0
configure:3919: test -s conftest
configure:3922: $? = 0
configure:3934: result: yes
configure:3951: checking for strerror
configure:4008: g++ -o conftest  -g   conftest.cc  >&5
configure:4014: $? = 0
configure:4018: test -z 
			 || test ! -s conftest.err
configure:4021: $? = 0
configure:4024: test -s conftest
configure:4027: $? = 0
configure:4039: result: yes
configure:3951: checking for waitpid
configure:4008: g++ -o conftest  -g   conftest.cc  >&5
configure:4014: $? = 0
configure:4018: test -z 
			 || test ! -s conftest.err
configure:4021: $? = 0
configure:4024: test -s conftest
configure:4027: $? = 0
configure:4039: result: yes
configure:3951: checking for getitimer
configure:4008: g++ -o conftest  -g   conftest.cc  >&5
configure:4014: $? = 0
configure:4018: test -z 
			 || test ! -s conftest.err
configure:4021: $? = 0
configure:4024: test -s conftest
configure:4027: $? = 0
configure:4039: result: yes
configure:3951: checking for setitimer
configure:4008: g++ -o conftest  -g   conftest.cc  >&5
configure:4014: $? = 0
configure:4018: test -z 
			 || test ! -s conftest.err
configure:4021: $? = 0
configure:4024: test -s conftest
configure:4027: $? = 0
configure:4039: result: yes
configure:4050: checking for working strcoll
configure:4076: g++ -o conftest  -g   conftest.cc  >&5
configure:4079: $? = 0
configure:4081: ./conftest
configure:4084: $? = 0
configure:4098: result: yes
configure:4111: checking for X
configure:4216: g++ -E  conftest.cc
configure:4222: $? = 0
configure:4272: g++ -o conftest  -g   conftest.cc -lXt  >&5
configure:4278: $? = 0
configure:4282: test -z 
			 || test ! -s conftest.err
configure:4285: $? = 0
configure:4288: test -s conftest
configure:4291: $? = 0
configure:4341: result: libraries , headers 
configure:4380: checking for XShapeCombineMask in -lXext
configure:4410: g++ -o conftest  -g   conftest.cc -lXext  -lX11  >&5
configure:4416: $? = 0
configure:4420: test -z 
			 || test ! -s conftest.err
configure:4423: $? = 0
configure:4426: test -s conftest
configure:4429: $? = 0
configure:4442: result: yes
configure:4457: checking for XpmCreatePixmapFromData in -lXpm
configure:4487: g++ -o conftest  -g   conftest.cc -lXpm  -lXext -lX11  >&5
configure:4493: $? = 0
configure:4497: test -z 
			 || test ! -s conftest.err
configure:4500: $? = 0
configure:4503: test -s conftest
configure:4506: $? = 0
configure:4519: result: yes
configure:4534: checking for glXCreateContext in -lGL
configure:4564: g++ -o conftest  -g   conftest.cc -lGL  -lXpm -lXext -lX11  >&5
/usr/bin/ld: cannot find -lGL
collect2: error: ld returned 1 exit status
configure:4570: $? = 1
configure: failed program was:
| /* confdefs.h.  */
| 
| #define PACKAGE_NAME ""
| #define PACKAGE_TARNAME ""
| #define PACKAGE_VERSION ""
| #define PACKAGE_STRING ""
| #define PACKAGE_BUGREPORT ""
| #ifdef __cplusplus
| extern "C" void exit (int) throw ();
| #endif
| #define STDC_HEADERS 1
| #define HAVE_SYS_TYPES_H 1
| #define HAVE_SYS_STAT_H 1
| #define HAVE_STDLIB_H 1
| #define HAVE_STRING_H 1
| #define HAVE_MEMORY_H 1
| #define HAVE_STRINGS_H 1
| #define HAVE_INTTYPES_H 1
| #define HAVE_STDINT_H 1
| #define HAVE_UNISTD_H 1
| #define HAVE_MEMORY_H 1
| #define HAVE_UNISTD_H 1
| #define HAVE_STRING_H 1
| #define HAVE_FCNTL_H 1
| #define HAVE_SYS_TIME_H 1
| #define HAVE_SYS_STAT_H 1
| #define HAVE_SYS_SELECT_H 1
| #define HAVE_PWD_H 1
| #define HAVE_SYS_TYPES_H 1
| #define HAVE_SYS_WAIT_H 1
| #define HAVE_DIRENT_H 1
| #define TIME_WITH_SYS_TIME 1
| #define RETSIGTYPE void
| #define HAVE_GETHOSTNAME 1
| #define HAVE_PUTENV 1
| #define HAVE_SELECT 1
| #define HAVE_STRSTR 1
| #define HAVE_STRCASECMP 1
| #define HAVE_STRNCASECMP 1
| #define HAVE_SYSCONF 1
| #define HAVE_STRERROR 1
| #define HAVE_WAITPID 1
| #define HAVE_GETITIMER 1
| #define HAVE_SETITIMER 1
| #define HAVE_STRCOLL 1
| #define HAVE_SHAPE_EXT 1
| #define HAVE_XPM_LIB 1
| /* end confdefs.h.  */
| 
| /* Override any gcc2 internal prototype to avoid an error.  */
| #ifdef __cplusplus
| extern "C"
| #endif
| /* We use char because int might match the return type of a gcc2
|    builtin and then its argument prototype would still apply.  */
| char glXCreateContext ();
| int
| main ()
| {
| glXCreateContext ();
|   ;
|   return 0;
| }
configure:4596: result: no
configure:4605: checking for glXCreateContext in -lMesaGL
configure:4635: g++ -o conftest  -g   conftest.cc -lMesaGL  -lXpm -lXext -lX11  >&5
/usr/bin/ld: cannot find -lMesaGL
collect2: error: ld returned 1 exit status
configure:4641: $? = 1
configure: failed program was:
| /* confdefs.h.  */
| 
| #define PACKAGE_NAME ""
| #define PACKAGE_TARNAME ""
| #define PACKAGE_VERSION ""
| #define PACKAGE_STRING ""
| #define PACKAGE_BUGREPORT ""
| #ifdef __cplusplus
| extern "C" void exit (int) throw ();
| #endif
| #define STDC_HEADERS 1
| #define HAVE_SYS_TYPES_H 1
| #define HAVE_SYS_STAT_H 1
| #define HAVE_STDLIB_H 1
| #define HAVE_STRING_H 1
| #define HAVE_MEMORY_H 1
| #define HAVE_STRINGS_H 1
| #define HAVE_INTTYPES_H 1
| #define HAVE_STDINT_H 1
| #define HAVE_UNISTD_H 1
| #define HAVE_MEMORY_H 1
| #define HAVE_UNISTD_H 1
| #define HAVE_STRING_H 1
| #define HAVE_FCNTL_H 1
| #define HAVE_SYS_TIME_H 1
| #define HAVE_SYS_STAT_H 1
| #define HAVE_SYS_SELECT_H 1
| #define HAVE_PWD_H 1
| #define HAVE_SYS_TYPES_H 1
| #define HAVE_SYS_WAIT_H 1
| #define HAVE_DIRENT_H 1
| #define TIME_WITH_SYS_TIME 1
| #define RETSIGTYPE void
| #define HAVE_GETHOSTNAME 1
| #define HAVE_PUTENV 1
| #define HAVE_SELECT 1
| #define HAVE_STRSTR 1
| #define HAVE_STRCASECMP 1
| #define HAVE_STRNCASECMP 1
| #define HAVE_SYSCONF 1
| #define HAVE_STRERROR 1
| #define HAVE_WAITPID 1
| #define HAVE_GETITIMER 1
| #define HAVE_SETITIMER 1
| #define HAVE_STRCOLL 1
| #define HAVE_SHAPE_EXT 1
| #define HAVE_XPM_LIB 1
| /* end confdefs.h.  */
| 
| /* Override any gcc2 internal prototype to avoid an error.  */
| #ifdef __cplusplus
| extern "C"
| #endif
| /* We use char because int might match the return type of a gcc2
|    builtin and then its argument prototype would still apply.  */
| char glXCreateContext ();
| int
| main ()
| {
| glXCreateContext ();
|   ;
|   return 0;
| }
configure:4667: result: no
configure:4681: checking for gluNewQuadric in -lGLU
configure:4711: g++ -o conftest  -g   conftest.cc -lGLU  -lXpm -lXext -lX11  >&5
/usr/bin/ld: cannot find -lGLU
collect2: error: ld returned 1 exit status
configure:4717: $? = 1
configure: failed program was:
| /* confdefs.h.  */
| 
| #define PACKAGE_NAME ""
| #define PACKAGE_TARNAME ""
| #define PACKAGE_VERSION ""
| #define PACKAGE_STRING ""
| #define PACKAGE_BUGREPORT ""
| #ifdef __cplusplus
| extern "C" void exit (int) throw ();
| #endif
| #define STDC_HEADERS 1
| #define HAVE_SYS_TYPES_H 1
| #define HAVE_SYS_STAT_H 1
| #define HAVE_STDLIB_H 1
| #define HAVE_STRING_H 1
| #define HAVE_MEMORY_H 1
| #define HAVE_STRINGS_H 1
| #define HAVE_INTTYPES_H 1
| #define HAVE_STDINT_H 1
| #define HAVE_UNISTD_H 1
| #define HAVE_MEMORY_H 1
| #define HAVE_UNISTD_H 1
| #define HAVE_STRING_H 1
| #define HAVE_FCNTL_H 1
| #define HAVE_SYS_TIME_H 1
| #define HAVE_SYS_STAT_H 1
| #define HAVE_SYS_SELECT_H 1
| #define HAVE_PWD_H 1
| #define HAVE_SYS_TYPES_H 1
| #define HAVE_SYS_WAIT_H 1
| #define HAVE_DIRENT_H 1
| #define TIME_WITH_SYS_TIME 1
| #define RETSIGTYPE void
| #define HAVE_GETHOSTNAME 1
| #define HAVE_PUTENV 1
| #define HAVE_SELECT 1
| #define HAVE_STRSTR 1
| #define HAVE_STRCASECMP 1
| #define HAVE_STRNCASECMP 1
| #define HAVE_SYSCONF 1
| #define HAVE_STRERROR 1
| #define HAVE_WAITPID 1
| #define HAVE_GETITIMER 1
| #define HAVE_SETITIMER 1
| #define HAVE_STRCOLL 1
| #define HAVE_SHAPE_EXT 1
| #define HAVE_XPM_LIB 1
| /* end confdefs.h.  */
| 
| /* Override any gcc2 internal prototype to avoid an error.  */
| #ifdef __cplusplus
| extern "C"
| #endif
| /* We use char because int might match the return type of a gcc2
|    builtin and then its argument prototype would still apply.  */
| char gluNewQuadric ();
| int
| main ()
| {
| gluNewQuadric ();
|   ;
|   return 0;
| }
configure:4743: result: no
configure:4752: checking for gluNewQuadric in -lMesaGLU
configure:4782: g++ -o conftest  -g   conftest.cc -lMesaGLU  -lXpm -lXext -lX11  >&5
/usr/bin/ld: cannot find -lMesaGLU
collect2: error: ld returned 1 exit status
configure:4788: $? = 1
configure: failed program was:
| /* confdefs.h.  */
| 
| #define PACKAGE_NAME ""
| #define PACKAGE_TARNAME ""
| #define PACKAGE_VERSION ""
| #define PACKAGE_STRING ""
| #define PACKAGE_BUGREPORT ""
| #ifdef __cplusplus
| extern "C" void exit (int) throw ();
| #endif
| #define STDC_HEADERS 1
| #define HAVE_SYS_TYPES_H 1
| #define HAVE_SYS_STAT_H 1
| #define HAVE_STDLIB_H 1
| #define HAVE_STRING_H 1
| #define HAVE_MEMORY_H 1
| #define HAVE_STRINGS_H 1
| #define HAVE_INTTYPES_H 1
| #define HAVE_STDINT_H 1
| #define HAVE_UNISTD_H 1
| #define HAVE_MEMORY_H 1
| #define HAVE_UNISTD_H 1
| #define HAVE_STRING_H 1
| #define HAVE_FCNTL_H 1
| #define HAVE_SYS_TIME_H 1
| #define HAVE_SYS_STAT_H 1
| #define HAVE_SYS_SELECT_H 1
| #define HAVE_PWD_H 1
| #define HAVE_SYS_TYPES_H 1
| #define HAVE_SYS_WAIT_H 1
| #define HAVE_DIRENT_H 1
| #define TIME_WITH_SYS_TIME 1
| #define RETSIGTYPE void
| #define HAVE_GETHOSTNAME 1
| #define HAVE_PUTENV 1
| #define HAVE_SELECT 1
| #define HAVE_STRSTR 1
| #define HAVE_STRCASECMP 1
| #define HAVE_STRNCASECMP 1
| #define HAVE_SYSCONF 1
| #define HAVE_STRERROR 1
| #define HAVE_WAITPID 1
| #define HAVE_GETITIMER 1
| #define HAVE_SETITIMER 1
| #define HAVE_STRCOLL 1
| #define HAVE_SHAPE_EXT 1
| #define HAVE_XPM_LIB 1
| /* end confdefs.h.  */
| 
| /* Override any gcc2 internal prototype to avoid an error.  */
| #ifdef __cplusplus
| extern "C"
| #endif
| /* We use char because int might match the return type of a gcc2
|    builtin and then its argument prototype would still apply.  */
| char gluNewQuadric ();
| int
| main ()
| {
| gluNewQuadric ();
|   ;
|   return 0;
| }
configure:4814: result: no
configure:4969: creating ./config.status

## ---------------------- ##
## Running config.status. ##
## ---------------------- ##

This file was extended by config.status, which was
generated by GNU Autoconf 2.59.  Invocation command line was

  CONFIG_FILES    = 
  CONFIG_HEADERS  = 
  CONFIG_LINKS    = 
  CONFIG_COMMANDS = 
  $ ./config.status 

on FVWm95-TestVM

config.status:689: creating Makefile
config.status:689: creating config/Makefile
config.status:689: creating config/xc-config
config.status:689: creating include/Makefile
config.status:689: creating include/xclass/Makefile
config.status:689: creating include/xclass/version.h
config.status:689: creating icons/Makefile
config.status:689: creating doc/Makefile
config.status:689: creating lib/Makefile
config.status:689: creating lib/libxclass/Makefile
config.status:689: creating test/Makefile
config.status:689: creating example-app/Makefile
config.status:793: creating include/xclass/XCconfig.h
config.status:1125: executing default commands

## ---------------- ##
## Cache variables. ##
## ---------------- ##

ac_cv_cxx_compiler_gnu=yes
ac_cv_env_CPPFLAGS_set=
ac_cv_env_CPPFLAGS_value=
ac_cv_env_CXXCPP_set=
ac_cv_env_CXXCPP_value=
ac_cv_env_CXXFLAGS_set=
ac_cv_env_CXXFLAGS_value=
ac_cv_env_CXX_set=
ac_cv_env_CXX_value=
ac_cv_env_LDFLAGS_set=
ac_cv_env_LDFLAGS_value=
ac_cv_env_build_alias_set=
ac_cv_env_build_alias_value=
ac_cv_env_host_alias_set=
ac_cv_env_host_alias_value=
ac_cv_env_target_alias_set=
ac_cv_env_target_alias_value=
ac_cv_exeext=
ac_cv_func_gethostname=yes
ac_cv_func_getitimer=yes
ac_cv_func_putenv=yes
ac_cv_func_select=yes
ac_cv_func_setitimer=yes
ac_cv_func_strcasecmp=yes
ac_cv_func_strcoll_works=yes
ac_cv_func_strerror=yes
ac_cv_func_strncasecmp=yes
ac_cv_func_strstr=yes
ac_cv_func_sysconf=yes
ac_cv_func_waitpid=yes
ac_cv_have_x='have_x=yes 		ac_x_includes= ac_x_libraries='
ac_cv_header_GL_gl_h=no
ac_cv_header_GL_glu_h=no
ac_cv_header_GL_glx_h=no
ac_cv_header_dirent_dirent_h=yes
ac_cv_header_fcntl_h=yes
ac_cv_header_inttypes_h=yes
ac_cv_header_memory_h=yes
ac_cv_header_pwd_h=yes
ac_cv_header_stdc=yes
ac_cv_header_stdint_h=yes
ac_cv_header_stdlib_h=yes
ac_cv_header_string_h=yes
ac_cv_header_strings_h=yes
ac_cv_header_sys_select_h=yes
ac_cv_header_sys_stat_h=yes
ac_cv_header_sys_systeminfo_h=no
ac_cv_header_sys_time_h=yes
ac_cv_header_sys_types_h=yes
ac_cv_header_sys_wait_h=yes
ac_cv_header_time=yes
ac_cv_header_unistd_h=yes
ac_cv_lib_GLU_gluNewQuadric=no
ac_cv_lib_GL_glXCreateContext=no
ac_cv_lib_MesaGLU_gluNewQuadric=no
ac_cv_lib_MesaGL_glXCreateContext=no
ac_cv_lib_Xext_XShapeCombineMask=yes
ac_cv_lib_Xpm_XpmCreatePixmapFromData=yes
ac_cv_objext=o
ac_cv_path_install='/usr/bin/install -c'
ac_cv_prog_AR=ar
ac_cv_prog_CXXCPP='g++ -E'
ac_cv_prog_ac_ct_CXX=g++
ac_cv_prog_ac_ct_RANLIB=ranlib
ac_cv_prog_cxx_g=yes
ac_cv_prog_egrep='grep -E'
ac_cv_prog_make_make_set=yes
ac_cv_search_opendir='none required'
ac_cv_type_signal=void

## ----------------- ##
## Output variables. ##
## ----------------- ##

AR='ar'
CPPFLAGS=''
CXX='g++'
CXXCPP='g++ -E'
CXXFLAGS=' -g'
DEFS='-DHAVE_CONFIG_H'
ECHO_C=''
ECHO_N='-n'
ECHO_T=''
EGREP='grep -E'
EXEEXT=''
INSTALL_DATA='${INSTALL} -m 644'
INSTALL_PROGRAM='${INSTALL}'
INSTALL_SCRIPT='${INSTALL}'
LDFLAGS=''
LIBOBJS=''
LIBS=''
LTLIBOBJS=''
OBJEXT='o'
PACKAGE_BUGREPORT=''
PACKAGE_NAME=''
PACKAGE_STRING=''
PACKAGE_TARNAME=''
PACKAGE_VERSION=''
PATH_SEPARATOR=':'
RANLIB='ranlib'
SET_MAKE=''
SHELL='/bin/bash'
XCLASS_MAJOR_VERSION='0'
XCLASS_MINOR_VERSION='9'
XCLASS_PATCH_LEVEL='2'
XCLASS_RELEASE_DATE='10-Sep-2006'
XCLASS_VERSION='0.9.2'
YACC='yacc'
ac_ct_CXX='g++'
ac_ct_RANLIB='ranlib'
bindir='${exec_prefix}/bin'
build_alias=''
datadir='${prefix}/share'
exec_prefix='${prefix}'
host_alias=''
includedir='${prefix}/include'
infodir='${prefix}/info'
libdir='${exec_prefix}/lib'
libexecdir='${exec_prefix}/libexec'
localstatedir='${prefix}/var'
mandir='${prefix}/man'
oldincludedir='/usr/include'
prefix='/usr/local'
program_transform_name='s,x,x,'
sbindir='${exec_prefix}/sbin'
sharedstatedir='${prefix}/com'
sysconfdir='${prefix}/etc'
target_alias=''
x_inc_path=''
x_includes=''
x_lib_path=''
x_libraries=' -lXpm -lXext -lX11'
xclass_cflags=''
xclass_include='/usr/local/include'
xclass_libs=''

## ----------- ##
## confdefs.h. ##
## ----------- ##

#define HAVE_DIRENT_H 1
#define HAVE_FCNTL_H 1
#define HAVE_GETHOSTNAME 1
#define HAVE_GETITIMER 1
#define HAVE_INTTYPES_H 1
#define HAVE_MEMORY_H 1
#define HAVE_MEMORY_H 1
#define HAVE_PUTENV 1
#define HAVE_PWD_H 1
#define HAVE_SELECT 1
#define HAVE_SETITIMER 1
#define HAVE_SHAPE_EXT 1
#define HAVE_STDINT_H 1
#define HAVE_STDLIB_H 1
#define HAVE_STRCASECMP 1
#define HAVE_STRCOLL 1
#define HAVE_STRERROR 1
#define HAVE_STRINGS_H 1
#define HAVE_STRING_H 1
#define HAVE_STRING_H 1
#define HAVE_STRNCASECMP 1
#define HAVE_STRSTR 1
#define HAVE_SYSCONF 1
#define HAVE_SYS_SELECT_H 1
#define HAVE_SYS_STAT_H 1
#define HAVE_SYS_STAT_H 1
#define HAVE_SYS_TIME_H 1
#define HAVE_SYS_TYPES_H 1
#define HAVE_SYS_TYPES_H 1
#define HAVE_SYS_WAIT_H 1
#define HAVE_UNISTD_H 1
#define HAVE_UNISTD_H 1
#define HAVE_WAITPID 1
#define HAVE_XPM_LIB 1
#define PACKAGE_BUGREPORT ""
#define PACKAGE_NAME ""
#define PACKAGE_STRING ""
#define PACKAGE_TARNAME ""
#define PACKAGE_VERSION ""
#define RETSIGTYPE void
#define STDC_HEADERS 1
#define TIME_WITH_SYS_TIME 1
#endif
#ifdef __cplusplus
extern "C" void exit (int) throw ();

configure: exit 0
